[ 2013-05-14T20:50:44+08:00 ] 127.0.0.1 /
INFO: [ route_check ] --START--
INFO: Run CheckRoute Behavior [ RunTime:0.022709s ]
INFO: [ route_check ] --END-- [ RunTime:0.293200s ]
INFO: [ app_begin ] --START--
INFO: Run ReadHtmlCache Behavior [ RunTime:0.022655s ]
INFO: [ app_begin ] --END-- [ RunTime:0.022877s ]
INFO: [ view_template ] --START--
INFO: Run LocationTemplate Behavior [ RunTime:0.067082s ]
INFO: [ view_template ] --END-- [ RunTime:0.067286s ]
INFO: [ view_parse ] --START--
INFO: Run ParseTemplate Behavior [ RunTime:0.530048s ]
INFO: [ view_parse ] --END-- [ RunTime:0.530163s ]
INFO: [ view_filter ] --START--
INFO: Run ContentReplace Behavior [ RunTime:0.042574s ]
INFO: Run TokenBuild Behavior [ RunTime:0.104169s ]
INFO: Run WriteHtmlCache Behavior [ RunTime:0.041250s ]
INFO: Run ShowRuntime Behavior [ RunTime:0.165034s ]
INFO: [ view_filter ] --END-- [ RunTime:0.353556s ]
INFO: [ view_end ] --START--
INFO: Run ShowPageTrace Behavior [ RunTime:0.071433s ]
INFO: [ view_end ] --END-- [ RunTime:0.071562s ]

[ 2013-05-14T20:50:46+08:00 ] ERR: (ThinkException) 无法加载模块:Favicon
[ 2013-05-14T20:50:49+08:00 ] ERR: (ThinkException) 无法加载模块:Favicon
[ 2013-05-14T20:51:37+08:00 ] 127.0.0.1 /
INFO: [ route_check ] --START--
INFO: Run CheckRoute Behavior [ RunTime:0.000855s ]
INFO: [ route_check ] --END-- [ RunTime:0.000937s ]
INFO: [ app_begin ] --START--
INFO: Run ReadHtmlCache Behavior [ RunTime:0.000577s ]
INFO: [ app_begin ] --END-- [ RunTime:0.000636s ]
INFO: [ view_template ] --START--
INFO: Run LocationTemplate Behavior [ RunTime:0.000397s ]
INFO: [ view_template ] --END-- [ RunTime:0.000454s ]
INFO: [ view_parse ] --START--
INFO: Run ParseTemplate Behavior [ RunTime:0.009357s ]
INFO: [ view_parse ] --END-- [ RunTime:0.009451s ]
INFO: [ view_filter ] --START--
INFO: Run ContentReplace Behavior [ RunTime:0.000650s ]
INFO: Run TokenBuild Behavior [ RunTime:0.000617s ]
INFO: Run WriteHtmlCache Behavior [ RunTime:0.000444s ]
INFO: Run ShowRuntime Behavior [ RunTime:0.000725s ]
INFO: [ view_filter ] --END-- [ RunTime:0.002679s ]
INFO: [ view_end ] --START--
INFO: Run ShowPageTrace Behavior [ RunTime:0.000946s ]
INFO: [ view_end ] --END-- [ RunTime:0.001038s ]

[ 2013-05-14T20:52:05+08:00 ] ERR: (ThinkException) 无法加载模块:Favicon
[ 2013-05-14T20:52:09+08:00 ] ERR: (ThinkException) 无法加载模块:Favicon
[ 2013-05-14T21:02:58+08:00 ] 127.0.0.1 /dir/get
INFO: [ route_check ] --START--
INFO: Run CheckRoute Behavior [ RunTime:0.001638s ]
INFO: [ route_check ] --END-- [ RunTime:0.001795s ]
INFO: [ app_begin ] --START--
INFO: Run ReadHtmlCache Behavior [ RunTime:0.000743s ]
INFO: [ app_begin ] --END-- [ RunTime:0.000805s ]
NOTIC: [2048] Declaration of DirAction::get() should be compatible with Action::get($name = '') D:\IamRondo\MyWorkExperience\github\vcms\Lib\Action\DirAction.class.php 第 36 行.
SQL: SHOW COLUMNS FROM `dir_info` [ RunTime:0.005141s ]
SQL: SELECT * FROM `dir_info` WHERE ( `status` = 0 )  [ RunTime:0.000901s ]

[ 2013-05-14T21:02:59+08:00 ] ERR: (ThinkException) 无法加载模块:Favicon
[ 2013-05-14T21:03:03+08:00 ] 127.0.0.1 /dir/get
INFO: [ route_check ] --START--
INFO: Run CheckRoute Behavior [ RunTime:0.001280s ]
INFO: [ route_check ] --END-- [ RunTime:0.001388s ]
INFO: [ app_begin ] --START--
INFO: Run ReadHtmlCache Behavior [ RunTime:0.000832s ]
INFO: [ app_begin ] --END-- [ RunTime:0.000917s ]
NOTIC: [2048] Declaration of DirAction::get() should be compatible with Action::get($name = '') D:\IamRondo\MyWorkExperience\github\vcms\Lib\Action\DirAction.class.php 第 36 行.
SQL: SHOW COLUMNS FROM `dir_info` [ RunTime:0.005182s ]
SQL: SELECT * FROM `dir_info` WHERE ( `status` = 0 )  [ RunTime:0.001032s ]

[ 2013-05-14T21:03:03+08:00 ] ERR: (ThinkException) 无法加载模块:Favicon
[ 2013-05-14T21:04:21+08:00 ] ERR: (ThinkException) 无法加载模块:Favicon
[ 2013-05-14T21:05:56+08:00 ] ERR: (ThinkException) 无法加载模块:Favicon
[ 2013-05-14T21:10:42+08:00 ] ERR: (ThinkException) 无法加载模块:Favicon
[ 2013-05-14T23:03:39+08:00 ] ERR: (ThinkException) 无法加载模块:Favicon
[ 2013-05-14T23:03:39+08:00 ] ERR: (ThinkException) 无法加载模块:Favicon
[ 2013-05-14T23:03:47+08:00 ] ERR: (ThinkException) 无法加载模块:Favicon
[ 2013-05-14T23:17:32+08:00 ] ERR: (ThinkException) 无法加载模块:Favicon
[ 2013-05-14T23:17:33+08:00 ] ERR: (ThinkException) 无法加载模块:Favicon
[ 2013-05-14T23:17:43+08:00 ] ERR: (ThinkException) 无法加载模块:Favicon
[ 2013-05-14T23:17:43+08:00 ] ERR: (ThinkException) 无法加载模块:Favicon
[ 2013-05-14T23:18:37+08:00 ] ERR: (ThinkException) 无法加载模块:Favicon
[ 2013-05-14T23:19:53+08:00 ] ERR: (ThinkException) 无法加载模块:Favicon
[ 2013-05-14T23:20:42+08:00 ] ERR: (ThinkException) 无法加载模块:Favicon
[ 2013-05-14T23:21:27+08:00 ] ERR: (ThinkException) 无法加载模块:Favicon
[ 2013-05-14T23:22:20+08:00 ] ERR: (ThinkException) 无法加载模块:Js
[ 2013-05-14T23:22:20+08:00 ] ERR: (ThinkException) 无法加载模块:Js
[ 2013-05-14T23:30:45+08:00 ] ERR: (ThinkException) 无法加载模块:Favicon
[ 2013-05-14T23:31:25+08:00 ] ERR: (ThinkException) 无法加载模块:Favicon
[ 2013-05-14T23:31:51+08:00 ] ERR: (ThinkException) 无法加载模块:Favicon
[ 2013-05-14T23:31:57+08:00 ] ERR: (ThinkException) 无法加载模块:Favicon
[ 2013-05-14T23:32:15+08:00 ] ERR: (ThinkException) 无法加载模块:Favicon
[ 2013-05-14T23:33:06+08:00 ] 127.0.0.1 /
INFO: [ route_check ] --START--
INFO: Run CheckRoute Behavior [ RunTime:0.002788s ]
INFO: [ route_check ] --END-- [ RunTime:0.002979s ]
INFO: [ app_begin ] --START--
INFO: Run ReadHtmlCache Behavior [ RunTime:0.001871s ]
INFO: [ app_begin ] --END-- [ RunTime:0.002035s ]
INFO: [ view_template ] --START--
INFO: Run LocationTemplate Behavior [ RunTime:0.002152s ]
INFO: [ view_template ] --END-- [ RunTime:0.002280s ]
INFO: [ view_parse ] --START--
INFO: Run ParseTemplate Behavior [ RunTime:0.014103s ]
INFO: [ view_parse ] --END-- [ RunTime:0.014230s ]
INFO: [ view_filter ] --START--
INFO: Run ContentReplace Behavior [ RunTime:0.000830s ]
INFO: Run TokenBuild Behavior [ RunTime:0.000949s ]
INFO: Run WriteHtmlCache Behavior [ RunTime:0.000875s ]
INFO: Run ShowRuntime Behavior [ RunTime:0.001073s ]
INFO: [ view_filter ] --END-- [ RunTime:0.004018s ]
INFO: [ view_end ] --START--
INFO: Run ShowPageTrace Behavior [ RunTime:0.001380s ]
INFO: [ view_end ] --END-- [ RunTime:0.001478s ]

[ 2013-05-14T23:33:07+08:00 ] ERR: (ThinkException) 无法加载模块:Favicon
[ 2013-05-14T23:37:37+08:00 ] ERR: (ThinkException) 无法加载模块:Js
[ 2013-05-14T23:37:37+08:00 ] ERR: (ThinkException) 无法加载模块:Js
[ 2013-05-14T23:37:45+08:00 ] 127.0.0.1 /
INFO: [ route_check ] --START--
INFO: Run CheckRoute Behavior [ RunTime:0.001363s ]
INFO: [ route_check ] --END-- [ RunTime:0.001491s ]
INFO: [ app_begin ] --START--
INFO: Run ReadHtmlCache Behavior [ RunTime:0.000944s ]
INFO: [ app_begin ] --END-- [ RunTime:0.001041s ]
INFO: [ view_template ] --START--
INFO: Run LocationTemplate Behavior [ RunTime:0.001662s ]
INFO: [ view_template ] --END-- [ RunTime:0.001779s ]
INFO: [ view_parse ] --START--
INFO: Run ParseTemplate Behavior [ RunTime:0.017039s ]
INFO: [ view_parse ] --END-- [ RunTime:0.017164s ]
INFO: [ view_filter ] --START--
INFO: Run ContentReplace Behavior [ RunTime:0.001006s ]
INFO: Run TokenBuild Behavior [ RunTime:0.001089s ]
INFO: Run WriteHtmlCache Behavior [ RunTime:0.000697s ]
INFO: Run ShowRuntime Behavior [ RunTime:0.001031s ]
INFO: [ view_filter ] --END-- [ RunTime:0.004127s ]
INFO: [ view_end ] --START--
INFO: Run ShowPageTrace Behavior [ RunTime:0.000756s ]
INFO: [ view_end ] --END-- [ RunTime:0.000811s ]

[ 2013-05-14T23:37:45+08:00 ] ERR: (ThinkException) 无法加载模块:Js
[ 2013-05-14T23:37:46+08:00 ] ERR: (ThinkException) 无法加载模块:Js
[ 2013-05-14T23:37:46+08:00 ] ERR: (ThinkException) 无法加载模块:Favicon
[ 2013-05-14T23:40:55+08:00 ] 127.0.0.1 /
INFO: [ route_check ] --START--
INFO: Run CheckRoute Behavior [ RunTime:0.001853s ]
INFO: [ route_check ] --END-- [ RunTime:0.001999s ]
INFO: [ app_begin ] --START--
INFO: Run ReadHtmlCache Behavior [ RunTime:0.001169s ]
INFO: [ app_begin ] --END-- [ RunTime:0.001268s ]
INFO: [ view_template ] --START--
INFO: Run LocationTemplate Behavior [ RunTime:0.001450s ]
INFO: [ view_template ] --END-- [ RunTime:0.001564s ]
INFO: [ view_parse ] --START--
INFO: Run ParseTemplate Behavior [ RunTime:0.017524s ]
INFO: [ view_parse ] --END-- [ RunTime:0.017654s ]
INFO: [ view_filter ] --START--
INFO: Run ContentReplace Behavior [ RunTime:0.001298s ]
INFO: Run TokenBuild Behavior [ RunTime:0.001598s ]
INFO: Run WriteHtmlCache Behavior [ RunTime:0.001033s ]
INFO: Run ShowRuntime Behavior [ RunTime:0.001109s ]
INFO: [ view_filter ] --END-- [ RunTime:0.005412s ]
INFO: [ view_end ] --START--
INFO: Run ShowPageTrace Behavior [ RunTime:0.001856s ]
INFO: [ view_end ] --END-- [ RunTime:0.001980s ]

[ 2013-05-14T23:40:55+08:00 ] ERR: (ThinkException) 无法加载模块:Js
[ 2013-05-14T23:40:55+08:00 ] ERR: (ThinkException) 无法加载模块:Js
[ 2013-05-14T23:40:56+08:00 ] 127.0.0.1 /
INFO: [ route_check ] --START--
INFO: Run CheckRoute Behavior [ RunTime:0.003176s ]
INFO: [ route_check ] --END-- [ RunTime:0.003453s ]
INFO: [ app_begin ] --START--
INFO: Run ReadHtmlCache Behavior [ RunTime:0.002278s ]
INFO: [ app_begin ] --END-- [ RunTime:0.002507s ]
INFO: [ view_template ] --START--
INFO: Run LocationTemplate Behavior [ RunTime:0.001588s ]
INFO: [ view_template ] --END-- [ RunTime:0.001812s ]
INFO: [ view_parse ] --START--
INFO: Run ParseTemplate Behavior [ RunTime:0.017859s ]
INFO: [ view_parse ] --END-- [ RunTime:0.018022s ]
INFO: [ view_filter ] --START--
INFO: Run ContentReplace Behavior [ RunTime:0.000860s ]
INFO: Run TokenBuild Behavior [ RunTime:0.001218s ]
INFO: Run WriteHtmlCache Behavior [ RunTime:0.000607s ]
INFO: Run ShowRuntime Behavior [ RunTime:0.000842s ]
INFO: [ view_filter ] --END-- [ RunTime:0.003820s ]
INFO: [ view_end ] --START--
INFO: Run ShowPageTrace Behavior [ RunTime:0.000928s ]
INFO: [ view_end ] --END-- [ RunTime:0.001008s ]

[ 2013-05-14T23:40:56+08:00 ] ERR: (ThinkException) 无法加载模块:Favicon
[ 2013-05-14T23:40:56+08:00 ] ERR: (ThinkException) 无法加载模块:Js
[ 2013-05-14T23:40:56+08:00 ] ERR: (ThinkException) 无法加载模块:Js
[ 2013-05-14T23:40:56+08:00 ] ERR: (ThinkException) 无法加载模块:Favicon
[ 2013-05-14T23:40:58+08:00 ] 127.0.0.1 /
INFO: [ route_check ] --START--
INFO: Run CheckRoute Behavior [ RunTime:0.001184s ]
INFO: [ route_check ] --END-- [ RunTime:0.001297s ]
INFO: [ app_begin ] --START--
INFO: Run ReadHtmlCache Behavior [ RunTime:0.000809s ]
INFO: [ app_begin ] --END-- [ RunTime:0.000892s ]
INFO: [ view_template ] --START--
INFO: Run LocationTemplate Behavior [ RunTime:0.000590s ]
INFO: [ view_template ] --END-- [ RunTime:0.000675s ]
INFO: [ view_parse ] --START--
INFO: Run ParseTemplate Behavior [ RunTime:0.012370s ]
INFO: [ view_parse ] --END-- [ RunTime:0.012499s ]
INFO: [ view_filter ] --START--
INFO: Run ContentReplace Behavior [ RunTime:0.000660s ]
INFO: Run TokenBuild Behavior [ RunTime:0.000839s ]
INFO: Run WriteHtmlCache Behavior [ RunTime:0.000417s ]
INFO: Run ShowRuntime Behavior [ RunTime:0.000707s ]
INFO: [ view_filter ] --END-- [ RunTime:0.002849s ]
INFO: [ view_end ] --START--
INFO: Run ShowPageTrace Behavior [ RunTime:0.000902s ]
INFO: [ view_end ] --END-- [ RunTime:0.000978s ]

[ 2013-05-14T23:40:58+08:00 ] ERR: (ThinkException) 无法加载模块:Js
[ 2013-05-14T23:40:58+08:00 ] ERR: (ThinkException) 无法加载模块:Js
[ 2013-05-14T23:40:59+08:00 ] ERR: (ThinkException) 无法加载模块:Favicon
[ 2013-05-14T23:41:19+08:00 ] 127.0.0.1 /
INFO: [ route_check ] --START--
INFO: Run CheckRoute Behavior [ RunTime:0.003140s ]
INFO: [ route_check ] --END-- [ RunTime:0.003412s ]
INFO: [ app_begin ] --START--
INFO: Run ReadHtmlCache Behavior [ RunTime:0.002223s ]
INFO: [ app_begin ] --END-- [ RunTime:0.002460s ]
INFO: [ view_template ] --START--
INFO: Run LocationTemplate Behavior [ RunTime:0.001803s ]
INFO: [ view_template ] --END-- [ RunTime:0.002071s ]
INFO: [ view_parse ] --START--
INFO: Run ParseTemplate Behavior [ RunTime:0.024697s ]
INFO: [ view_parse ] --END-- [ RunTime:0.024920s ]
INFO: [ view_filter ] --START--
INFO: Run ContentReplace Behavior [ RunTime:0.001411s ]
INFO: Run TokenBuild Behavior [ RunTime:0.002208s ]
INFO: Run WriteHtmlCache Behavior [ RunTime:0.001109s ]
INFO: Run ShowRuntime Behavior [ RunTime:0.001706s ]
INFO: [ view_filter ] --END-- [ RunTime:0.006966s ]
INFO: [ view_end ] --START--
INFO: Run ShowPageTrace Behavior [ RunTime:0.001660s ]
INFO: [ view_end ] --END-- [ RunTime:0.001802s ]

[ 2013-05-14T23:41:19+08:00 ] ERR: (ThinkException) 无法加载模块:Js
[ 2013-05-14T23:41:19+08:00 ] ERR: (ThinkException) 无法加载模块:Js
[ 2013-05-14T23:41:25+08:00 ] ERR: (ThinkException) 无法加载模块:Favicon
[ 2013-05-14T23:41:26+08:00 ] ERR: (ThinkException) 无法加载模块:Js
[ 2013-05-14T23:41:26+08:00 ] ERR: (ThinkException) 无法加载模块:Js
[ 2013-05-14T23:41:28+08:00 ] 127.0.0.1 /
INFO: [ route_check ] --START--
INFO: Run CheckRoute Behavior [ RunTime:0.001172s ]
INFO: [ route_check ] --END-- [ RunTime:0.001282s ]
INFO: [ app_begin ] --START--
INFO: Run ReadHtmlCache Behavior [ RunTime:0.000802s ]
INFO: [ app_begin ] --END-- [ RunTime:0.000884s ]
INFO: [ view_template ] --START--
INFO: Run LocationTemplate Behavior [ RunTime:0.000573s ]
INFO: [ view_template ] --END-- [ RunTime:0.000656s ]
INFO: [ view_parse ] --START--
INFO: Run ParseTemplate Behavior [ RunTime:0.012437s ]
INFO: [ view_parse ] --END-- [ RunTime:0.012543s ]
INFO: [ view_filter ] --START--
INFO: Run ContentReplace Behavior [ RunTime:0.000616s ]
INFO: Run TokenBuild Behavior [ RunTime:0.000828s ]
INFO: Run WriteHtmlCache Behavior [ RunTime:0.000428s ]
INFO: Run ShowRuntime Behavior [ RunTime:0.000697s ]
INFO: [ view_filter ] --END-- [ RunTime:0.002789s ]
INFO: [ view_end ] --START--
INFO: Run ShowPageTrace Behavior [ RunTime:0.000902s ]
INFO: [ view_end ] --END-- [ RunTime:0.000985s ]

[ 2013-05-14T23:41:28+08:00 ] ERR: (ThinkException) 无法加载模块:Js
[ 2013-05-14T23:41:28+08:00 ] ERR: (ThinkException) 无法加载模块:Js
[ 2013-05-14T23:41:29+08:00 ] ERR: (ThinkException) 无法加载模块:Favicon
[ 2013-05-14T23:41:46+08:00 ] 127.0.0.1 /
INFO: [ route_check ] --START--
INFO: Run CheckRoute Behavior [ RunTime:0.001846s ]
INFO: [ route_check ] --END-- [ RunTime:0.002193s ]
INFO: [ app_begin ] --START--
INFO: Run ReadHtmlCache Behavior [ RunTime:0.000931s ]
INFO: [ app_begin ] --END-- [ RunTime:0.001019s ]
INFO: [ view_template ] --START--
INFO: Run LocationTemplate Behavior [ RunTime:0.000615s ]
INFO: [ view_template ] --END-- [ RunTime:0.000719s ]
INFO: [ view_parse ] --START--
INFO: Run ParseTemplate Behavior [ RunTime:0.014136s ]
INFO: [ view_parse ] --END-- [ RunTime:0.014267s ]
INFO: [ view_filter ] --START--
INFO: Run ContentReplace Behavior [ RunTime:0.000768s ]
INFO: Run TokenBuild Behavior [ RunTime:0.000952s ]
INFO: Run WriteHtmlCache Behavior [ RunTime:0.000528s ]
INFO: Run ShowRuntime Behavior [ RunTime:0.001151s ]
INFO: [ view_filter ] --END-- [ RunTime:0.003741s ]
INFO: [ view_end ] --START--
INFO: Run ShowPageTrace Behavior [ RunTime:0.002008s ]
INFO: [ view_end ] --END-- [ RunTime:0.002120s ]

[ 2013-05-14T23:41:46+08:00 ] ERR: (ThinkException) 无法加载模块:Js
[ 2013-05-14T23:41:46+08:00 ] ERR: (ThinkException) 无法加载模块:Js
[ 2013-05-14T23:41:53+08:00 ] ERR: (ThinkException) 无法加载模块:Favicon
[ 2013-05-14T23:44:13+08:00 ] 127.0.0.1 /
INFO: [ route_check ] --START--
INFO: Run CheckRoute Behavior [ RunTime:0.002917s ]
INFO: [ route_check ] --END-- [ RunTime:0.003236s ]
INFO: [ app_begin ] --START--
INFO: Run ReadHtmlCache Behavior [ RunTime:0.001756s ]
INFO: [ app_begin ] --END-- [ RunTime:0.001914s ]
INFO: [ view_template ] --START--
INFO: Run LocationTemplate Behavior [ RunTime:0.002131s ]
INFO: [ view_template ] --END-- [ RunTime:0.002293s ]
INFO: [ view_parse ] --START--
INFO: Run ParseTemplate Behavior [ RunTime:0.026092s ]
INFO: [ view_parse ] --END-- [ RunTime:0.026275s ]
INFO: [ view_filter ] --START--
INFO: Run ContentReplace Behavior [ RunTime:0.002860s ]
INFO: Run TokenBuild Behavior [ RunTime:0.002391s ]
INFO: Run WriteHtmlCache Behavior [ RunTime:0.001698s ]
INFO: Run ShowRuntime Behavior [ RunTime:0.001643s ]
INFO: [ view_filter ] --END-- [ RunTime:0.009112s ]
INFO: [ view_end ] --START--
INFO: Run ShowPageTrace Behavior [ RunTime:0.001210s ]
INFO: [ view_end ] --END-- [ RunTime:0.001321s ]

[ 2013-05-14T23:44:13+08:00 ] ERR: (ThinkException) 无法加载模块:Js
[ 2013-05-14T23:44:13+08:00 ] ERR: (ThinkException) 无法加载模块:Js
[ 2013-05-14T23:44:16+08:00 ] ERR: (ThinkException) 无法加载模块:Favicon
[ 2013-05-14T23:44:46+08:00 ] 127.0.0.1 /
INFO: [ route_check ] --START--
INFO: Run CheckRoute Behavior [ RunTime:0.002066s ]
INFO: [ route_check ] --END-- [ RunTime:0.002257s ]
INFO: [ app_begin ] --START--
INFO: Run ReadHtmlCache Behavior [ RunTime:0.001438s ]
INFO: [ app_begin ] --END-- [ RunTime:0.001584s ]
INFO: [ view_template ] --START--
INFO: Run LocationTemplate Behavior [ RunTime:0.001026s ]
INFO: [ view_template ] --END-- [ RunTime:0.001173s ]
INFO: [ view_parse ] --START--
INFO: Run ParseTemplate Behavior [ RunTime:0.013221s ]
INFO: [ view_parse ] --END-- [ RunTime:0.013358s ]
INFO: [ view_filter ] --START--
INFO: Run ContentReplace Behavior [ RunTime:0.000627s ]
INFO: Run TokenBuild Behavior [ RunTime:0.000846s ]
INFO: Run WriteHtmlCache Behavior [ RunTime:0.000454s ]
INFO: Run ShowRuntime Behavior [ RunTime:0.000710s ]
INFO: [ view_filter ] --END-- [ RunTime:0.002859s ]
INFO: [ view_end ] --START--
INFO: Run ShowPageTrace Behavior [ RunTime:0.000901s ]
INFO: [ view_end ] --END-- [ RunTime:0.000985s ]

[ 2013-05-14T23:44:47+08:00 ] ERR: (ThinkException) 无法加载模块:Favicon
[ 2013-05-14T23:44:47+08:00 ] 127.0.0.1 /
INFO: [ route_check ] --START--
INFO: Run CheckRoute Behavior [ RunTime:0.001393s ]
INFO: [ route_check ] --END-- [ RunTime:0.001520s ]
INFO: [ app_begin ] --START--
INFO: Run ReadHtmlCache Behavior [ RunTime:0.000943s ]
INFO: [ app_begin ] --END-- [ RunTime:0.001039s ]
INFO: [ view_template ] --START--
INFO: Run LocationTemplate Behavior [ RunTime:0.000673s ]
INFO: [ view_template ] --END-- [ RunTime:0.000773s ]
INFO: [ view_parse ] --START--
INFO: Run ParseTemplate Behavior [ RunTime:0.014793s ]
INFO: [ view_parse ] --END-- [ RunTime:0.014916s ]
INFO: [ view_filter ] --START--
INFO: Run ContentReplace Behavior [ RunTime:0.000772s ]
INFO: Run TokenBuild Behavior [ RunTime:0.001488s ]
INFO: Run WriteHtmlCache Behavior [ RunTime:0.000739s ]
INFO: Run ShowRuntime Behavior [ RunTime:0.001142s ]
INFO: [ view_filter ] --END-- [ RunTime:0.004509s ]
INFO: [ view_end ] --START--
INFO: Run ShowPageTrace Behavior [ RunTime:0.001431s ]
INFO: [ view_end ] --END-- [ RunTime:0.001544s ]

[ 2013-05-14T23:44:48+08:00 ] ERR: (ThinkException) 无法加载模块:Favicon
[ 2013-05-14T23:44:50+08:00 ] 127.0.0.1 /
INFO: [ route_check ] --START--
INFO: Run CheckRoute Behavior [ RunTime:0.001175s ]
INFO: [ route_check ] --END-- [ RunTime:0.001282s ]
INFO: [ app_begin ] --START--
INFO: Run ReadHtmlCache Behavior [ RunTime:0.000799s ]
INFO: [ app_begin ] --END-- [ RunTime:0.000883s ]
INFO: [ view_template ] --START--
INFO: Run LocationTemplate Behavior [ RunTime:0.000574s ]
INFO: [ view_template ] --END-- [ RunTime:0.000661s ]
INFO: [ view_parse ] --START--
INFO: Run ParseTemplate Behavior [ RunTime:0.012574s ]
INFO: [ view_parse ] --END-- [ RunTime:0.012677s ]
INFO: [ view_filter ] --START--
INFO: Run ContentReplace Behavior [ RunTime:0.000641s ]
INFO: Run TokenBuild Behavior [ RunTime:0.000837s ]
INFO: Run WriteHtmlCache Behavior [ RunTime:0.000420s ]
INFO: Run ShowRuntime Behavior [ RunTime:0.000705s ]
INFO: [ view_filter ] --END-- [ RunTime:0.002826s ]
INFO: [ view_end ] --START--
INFO: Run ShowPageTrace Behavior [ RunTime:0.000937s ]
INFO: [ view_end ] --END-- [ RunTime:0.001017s ]

[ 2013-05-14T23:44:51+08:00 ] ERR: (ThinkException) 无法加载模块:Favicon
[ 2013-05-14T23:44:52+08:00 ] 127.0.0.1 /
INFO: [ route_check ] --START--
INFO: Run CheckRoute Behavior [ RunTime:0.002042s ]
INFO: [ route_check ] --END-- [ RunTime:0.002228s ]
INFO: [ app_begin ] --START--
INFO: Run ReadHtmlCache Behavior [ RunTime:0.001770s ]
INFO: [ app_begin ] --END-- [ RunTime:0.001942s ]
INFO: [ view_template ] --START--
INFO: Run LocationTemplate Behavior [ RunTime:0.001124s ]
INFO: [ view_template ] --END-- [ RunTime:0.001291s ]
INFO: [ view_parse ] --START--
INFO: Run ParseTemplate Behavior [ RunTime:0.023009s ]
INFO: [ view_parse ] --END-- [ RunTime:0.023228s ]
INFO: [ view_filter ] --START--
INFO: Run ContentReplace Behavior [ RunTime:0.001095s ]
INFO: Run TokenBuild Behavior [ RunTime:0.001562s ]
INFO: Run WriteHtmlCache Behavior [ RunTime:0.000757s ]
INFO: Run ShowRuntime Behavior [ RunTime:0.001244s ]
INFO: [ view_filter ] --END-- [ RunTime:0.005051s ]
INFO: [ view_end ] --START--
INFO: Run ShowPageTrace Behavior [ RunTime:0.001734s ]
INFO: [ view_end ] --END-- [ RunTime:0.001877s ]

[ 2013-05-14T23:44:52+08:00 ] ERR: (ThinkException) 无法加载模块:Favicon
[ 2013-05-14T23:44:56+08:00 ] ERR: (ThinkException) 无法加载模块:Favicon
[ 2013-05-14T23:44:57+08:00 ] ERR: (ThinkException) 无法加载模块:Favicon
[ 2013-05-14T23:44:58+08:00 ] ERR: (ThinkException) 无法加载模块:Favicon
[ 2013-05-14T23:45:00+08:00 ] ERR: (ThinkException) 无法加载模块:Favicon
[ 2013-05-14T23:45:00+08:00 ] ERR: (ThinkException) 无法加载模块:Favicon
[ 2013-05-14T23:45:01+08:00 ] ERR: (ThinkException) 无法加载模块:Favicon
[ 2013-05-14T23:45:42+08:00 ] ERR: (ThinkException) 无法加载模块:Js
[ 2013-05-14T23:45:42+08:00 ] ERR: (ThinkException) 无法加载模块:Js
[ 2013-05-14T23:49:14+08:00 ] 127.0.0.1 /
INFO: [ route_check ] --START--
INFO: Run CheckRoute Behavior [ RunTime:0.001815s ]
INFO: [ route_check ] --END-- [ RunTime:0.001952s ]
INFO: [ app_begin ] --START--
INFO: Run ReadHtmlCache Behavior [ RunTime:0.001133s ]
INFO: [ app_begin ] --END-- [ RunTime:0.001234s ]
INFO: [ view_template ] --START--
INFO: Run LocationTemplate Behavior [ RunTime:0.001600s ]
INFO: [ view_template ] --END-- [ RunTime:0.001710s ]
INFO: [ view_parse ] --START--
INFO: Run ParseTemplate Behavior [ RunTime:0.016060s ]
INFO: [ view_parse ] --END-- [ RunTime:0.016166s ]
INFO: [ view_filter ] --START--
INFO: Run ContentReplace Behavior [ RunTime:0.000575s ]
INFO: Run TokenBuild Behavior [ RunTime:0.000635s ]
INFO: Run WriteHtmlCache Behavior [ RunTime:0.000433s ]
INFO: Run ShowRuntime Behavior [ RunTime:0.000617s ]
INFO: [ view_filter ] --END-- [ RunTime:0.002417s ]
INFO: [ view_end ] --START--
INFO: Run ShowPageTrace Behavior [ RunTime:0.000760s ]
INFO: [ view_end ] --END-- [ RunTime:0.000816s ]

[ 2013-05-14T23:49:14+08:00 ] ERR: (ThinkException) 无法加载模块:Js
[ 2013-05-14T23:49:14+08:00 ] ERR: (ThinkException) 无法加载模块:Js
[ 2013-05-14T23:49:15+08:00 ] ERR: (ThinkException) 无法加载模块:Favicon
[ 2013-05-14T23:52:32+08:00 ] 127.0.0.1 /
INFO: [ route_check ] --START--
INFO: Run CheckRoute Behavior [ RunTime:0.003380s ]
INFO: [ route_check ] --END-- [ RunTime:0.003568s ]
INFO: [ app_begin ] --START--
INFO: Run ReadHtmlCache Behavior [ RunTime:0.001099s ]
INFO: [ app_begin ] --END-- [ RunTime:0.001192s ]
INFO: [ view_template ] --START--
INFO: Run LocationTemplate Behavior [ RunTime:0.001297s ]
INFO: [ view_template ] --END-- [ RunTime:0.001394s ]
INFO: [ view_parse ] --START--
INFO: Run ParseTemplate Behavior [ RunTime:0.015063s ]
INFO: [ view_parse ] --END-- [ RunTime:0.015181s ]
INFO: [ view_filter ] --START--
INFO: Run ContentReplace Behavior [ RunTime:0.001218s ]
INFO: Run TokenBuild Behavior [ RunTime:0.001577s ]
INFO: Run WriteHtmlCache Behavior [ RunTime:0.000925s ]
INFO: Run ShowRuntime Behavior [ RunTime:0.001079s ]
INFO: [ view_filter ] --END-- [ RunTime:0.005151s ]
INFO: [ view_end ] --START--
INFO: Run ShowPageTrace Behavior [ RunTime:0.001184s ]
INFO: [ view_end ] --END-- [ RunTime:0.001267s ]

[ 2013-05-14T23:52:32+08:00 ] ERR: (ThinkException) 无法加载模块:Js
[ 2013-05-14T23:52:33+08:00 ] ERR: (ThinkException) 无法加载模块:Js
[ 2013-05-14T23:52:33+08:00 ] ERR: (ThinkException) 无法加载模块:Favicon
[ 2013-05-14T23:52:33+08:00 ] 127.0.0.1 /
INFO: [ route_check ] --START--
INFO: Run CheckRoute Behavior [ RunTime:0.001871s ]
INFO: [ route_check ] --END-- [ RunTime:0.002054s ]
INFO: [ app_begin ] --START--
INFO: Run ReadHtmlCache Behavior [ RunTime:0.001352s ]
INFO: [ app_begin ] --END-- [ RunTime:0.001481s ]
INFO: [ view_template ] --START--
INFO: Run LocationTemplate Behavior [ RunTime:0.000929s ]
INFO: [ view_template ] --END-- [ RunTime:0.001077s ]
INFO: [ view_parse ] --START--
INFO: Run ParseTemplate Behavior [ RunTime:0.013575s ]
INFO: [ view_parse ] --END-- [ RunTime:0.013696s ]
INFO: [ view_filter ] --START--
INFO: Run ContentReplace Behavior [ RunTime:0.000766s ]
INFO: Run TokenBuild Behavior [ RunTime:0.001103s ]
INFO: Run WriteHtmlCache Behavior [ RunTime:0.000416s ]
INFO: Run ShowRuntime Behavior [ RunTime:0.000661s ]
INFO: [ view_filter ] --END-- [ RunTime:0.003188s ]
INFO: [ view_end ] --START--
INFO: Run ShowPageTrace Behavior [ RunTime:0.001264s ]
INFO: [ view_end ] --END-- [ RunTime:0.001369s ]

[ 2013-05-14T23:52:33+08:00 ] ERR: (ThinkException) 无法加载模块:Js
[ 2013-05-14T23:52:34+08:00 ] ERR: (ThinkException) 无法加载模块:Js
[ 2013-05-14T23:52:34+08:00 ] ERR: (ThinkException) 无法加载模块:Favicon
[ 2013-05-14T23:53:47+08:00 ] 127.0.0.1 /
INFO: [ route_check ] --START--
INFO: Run CheckRoute Behavior [ RunTime:0.002342s ]
INFO: [ route_check ] --END-- [ RunTime:0.002551s ]
INFO: [ app_begin ] --START--
INFO: Run ReadHtmlCache Behavior [ RunTime:0.001451s ]
INFO: [ app_begin ] --END-- [ RunTime:0.001597s ]
INFO: [ view_template ] --START--
INFO: Run LocationTemplate Behavior [ RunTime:0.001019s ]
INFO: [ view_template ] --END-- [ RunTime:0.001165s ]
INFO: [ view_parse ] --START--
INFO: Run ParseTemplate Behavior [ RunTime:0.019869s ]
INFO: [ view_parse ] --END-- [ RunTime:0.020009s ]
INFO: [ view_filter ] --START--
INFO: Run ContentReplace Behavior [ RunTime:0.000633s ]
INFO: Run TokenBuild Behavior [ RunTime:0.000835s ]
INFO: Run WriteHtmlCache Behavior [ RunTime:0.000417s ]
INFO: Run ShowRuntime Behavior [ RunTime:0.000711s ]
INFO: [ view_filter ] --END-- [ RunTime:0.002823s ]
INFO: [ view_end ] --START--
INFO: Run ShowPageTrace Behavior [ RunTime:0.000894s ]
INFO: [ view_end ] --END-- [ RunTime:0.000968s ]

[ 2013-05-14T23:53:48+08:00 ] ERR: (ThinkException) 无法加载模块:Favicon
