[ 2013-05-15T22:35:00+08:00 ] 127.0.0.1 /
INFO: [ route_check ] --START--
INFO: Run CheckRoute Behavior [ RunTime:0.066685s ]
INFO: [ route_check ] --END-- [ RunTime:0.067119s ]
INFO: [ app_begin ] --START--
INFO: Run ReadHtmlCache Behavior [ RunTime:0.022994s ]
INFO: [ app_begin ] --END-- [ RunTime:0.023236s ]
INFO: [ view_template ] --START--
INFO: Run LocationTemplate Behavior [ RunTime:0.031326s ]
INFO: [ view_template ] --END-- [ RunTime:0.031531s ]
INFO: [ view_parse ] --START--
INFO: Run ParseTemplate Behavior [ RunTime:0.196666s ]
INFO: [ view_parse ] --END-- [ RunTime:0.196828s ]
INFO: [ view_filter ] --START--
INFO: Run ContentReplace Behavior [ RunTime:0.030975s ]
INFO: Run TokenBuild Behavior [ RunTime:0.026514s ]
INFO: Run WriteHtmlCache Behavior [ RunTime:0.002487s ]
INFO: Run ShowRuntime Behavior [ RunTime:0.014806s ]
INFO: [ view_filter ] --END-- [ RunTime:0.075432s ]
INFO: [ view_end ] --START--
INFO: Run ShowPageTrace Behavior [ RunTime:0.003045s ]
INFO: [ view_end ] --END-- [ RunTime:0.003208s ]

[ 2013-05-15T22:35:03+08:00 ] ERR: (ThinkException) 无法加载模块:Favicon
[ 2013-05-15T22:35:12+08:00 ] ERR: (ThinkException) 无法加载模块:Favicon
[ 2013-05-15T22:35:13+08:00 ] ERR: (ThinkException) No connection could be made because the target machine actively refused it.

[ 2013-05-15T22:35:15+08:00 ] ERR: (ThinkException) 无法加载模块:Favicon
[ 2013-05-15T22:35:18+08:00 ] ERR: (ThinkException) 无法加载模块:Favicon
[ 2013-05-15T22:35:19+08:00 ] ERR: (ThinkException) 无法加载模块:Favicon
[ 2013-05-15T22:35:20+08:00 ] ERR: (ThinkException) 无法加载模块:Favicon
[ 2013-05-15T22:35:21+08:00 ] ERR: (ThinkException) No connection could be made because the target machine actively refused it.

[ 2013-05-15T22:35:21+08:00 ] ERR: (ThinkException) 无法加载模块:Favicon
[ 2013-05-15T22:35:21+08:00 ] ERR: (ThinkException) 无法加载模块:Favicon
[ 2013-05-15T22:35:23+08:00 ] ERR: (ThinkException) No connection could be made because the target machine actively refused it.

[ 2013-05-15T22:35:26+08:00 ] ERR: (ThinkException) 无法加载模块:Js
[ 2013-05-15T22:35:26+08:00 ] ERR: (ThinkException) 无法加载模块:Js
[ 2013-05-15T22:35:32+08:00 ] 127.0.0.1 /
INFO: [ route_check ] --START--
INFO: Run CheckRoute Behavior [ RunTime:0.001097s ]
INFO: [ route_check ] --END-- [ RunTime:0.001198s ]
INFO: [ app_begin ] --START--
INFO: Run ReadHtmlCache Behavior [ RunTime:0.000593s ]
INFO: [ app_begin ] --END-- [ RunTime:0.000651s ]
INFO: [ view_template ] --START--
INFO: Run LocationTemplate Behavior [ RunTime:0.000480s ]
INFO: [ view_template ] --END-- [ RunTime:0.000542s ]
INFO: [ view_parse ] --START--
INFO: Run ParseTemplate Behavior [ RunTime:0.009329s ]
INFO: [ view_parse ] --END-- [ RunTime:0.009419s ]
INFO: [ view_filter ] --START--
INFO: Run ContentReplace Behavior [ RunTime:0.000593s ]
INFO: Run TokenBuild Behavior [ RunTime:0.000608s ]
INFO: Run WriteHtmlCache Behavior [ RunTime:0.000422s ]
INFO: Run ShowRuntime Behavior [ RunTime:0.000673s ]
INFO: [ view_filter ] --END-- [ RunTime:0.002520s ]
INFO: [ view_end ] --START--
INFO: Run ShowPageTrace Behavior [ RunTime:0.000869s ]
INFO: [ view_end ] --END-- [ RunTime:0.000937s ]

[ 2013-05-15T22:35:32+08:00 ] ERR: (ThinkException) 无法加载模块:Js
[ 2013-05-15T22:35:33+08:00 ] ERR: (ThinkException) 无法加载模块:Js
[ 2013-05-15T22:35:34+08:00 ] ERR: (ThinkException) No connection could be made because the target machine actively refused it.

[ 2013-05-15T22:35:34+08:00 ] ERR: (ThinkException) 无法加载模块:Favicon
[ 2013-05-15T22:35:56+08:00 ] ERR: (ThinkException) 无法加载模块:Favicon
[ 2013-05-15T22:36:51+08:00 ] ERR: (ThinkException) 无法加载模块:Favicon
[ 2013-05-15T22:36:53+08:00 ] ERR: (ThinkException) 无法加载模块:Favicon
[ 2013-05-15T22:36:54+08:00 ] ERR: (ThinkException) 无法加载模块:Favicon
[ 2013-05-15T22:36:55+08:00 ] ERR: (ThinkException) 无法加载模块:Favicon
[ 2013-05-15T22:36:57+08:00 ] ERR: (ThinkException) 无法加载模块:Favicon
[ 2013-05-15T22:41:27+08:00 ] ERR: (ThinkException) 无法加载模块:Js
[ 2013-05-15T22:41:27+08:00 ] ERR: (ThinkException) 无法加载模块:Js
[ 2013-05-15T22:49:57+08:00 ] ERR: (ThinkException) 无法加载模块:Js
[ 2013-05-15T22:49:57+08:00 ] ERR: (ThinkException) 无法加载模块:Js
[ 2013-05-15T23:00:17+08:00 ] 127.0.0.1 /
INFO: [ route_check ] --START--
INFO: Run CheckRoute Behavior [ RunTime:0.001971s ]
INFO: [ route_check ] --END-- [ RunTime:0.002116s ]
INFO: [ app_begin ] --START--
INFO: Run ReadHtmlCache Behavior [ RunTime:0.001210s ]
INFO: [ app_begin ] --END-- [ RunTime:0.001331s ]
INFO: [ view_template ] --START--
INFO: Run LocationTemplate Behavior [ RunTime:0.000868s ]
INFO: [ view_template ] --END-- [ RunTime:0.000934s ]
INFO: [ view_parse ] --START--
INFO: Run ParseTemplate Behavior [ RunTime:0.009877s ]
INFO: [ view_parse ] --END-- [ RunTime:0.009952s ]
INFO: [ view_filter ] --START--
INFO: Run ContentReplace Behavior [ RunTime:0.000746s ]
INFO: Run TokenBuild Behavior [ RunTime:0.000937s ]
INFO: Run WriteHtmlCache Behavior [ RunTime:0.000634s ]
INFO: Run ShowRuntime Behavior [ RunTime:0.000918s ]
INFO: [ view_filter ] --END-- [ RunTime:0.003452s ]
INFO: [ view_end ] --START--
INFO: Run ShowPageTrace Behavior [ RunTime:0.000773s ]
INFO: [ view_end ] --END-- [ RunTime:0.000833s ]

[ 2013-05-15T23:00:25+08:00 ] ERR: (ThinkException) 无法加载模块:Js
[ 2013-05-15T23:00:25+08:00 ] ERR: (ThinkException) 无法加载模块:Js
[ 2013-05-15T23:00:26+08:00 ] ERR: (ThinkException) 无法加载模块:Js
[ 2013-05-15T23:00:26+08:00 ] ERR: (ThinkException) 无法加载模块:Js
[ 2013-05-15T23:00:38+08:00 ] ERR: (ThinkException) 无法加载模块:Favicon
[ 2013-05-15T23:00:41+08:00 ] 127.0.0.1 /
INFO: [ route_check ] --START--
INFO: Run CheckRoute Behavior [ RunTime:0.002174s ]
INFO: [ route_check ] --END-- [ RunTime:0.002381s ]
INFO: [ app_begin ] --START--
INFO: Run ReadHtmlCache Behavior [ RunTime:0.001458s ]
INFO: [ app_begin ] --END-- [ RunTime:0.001610s ]
INFO: [ view_template ] --START--
INFO: Run LocationTemplate Behavior [ RunTime:0.001065s ]
INFO: [ view_template ] --END-- [ RunTime:0.001220s ]
INFO: [ view_parse ] --START--
INFO: Run ParseTemplate Behavior [ RunTime:0.024008s ]
INFO: [ view_parse ] --END-- [ RunTime:0.024194s ]
INFO: [ view_filter ] --START--
INFO: Run ContentReplace Behavior [ RunTime:0.001167s ]
INFO: Run TokenBuild Behavior [ RunTime:0.001047s ]
INFO: Run WriteHtmlCache Behavior [ RunTime:0.000752s ]
INFO: Run ShowRuntime Behavior [ RunTime:0.001285s ]
INFO: [ view_filter ] --END-- [ RunTime:0.004637s ]
INFO: [ view_end ] --START--
INFO: Run ShowPageTrace Behavior [ RunTime:0.001964s ]
INFO: [ view_end ] --END-- [ RunTime:0.002137s ]

[ 2013-05-15T23:00:41+08:00 ] ERR: (ThinkException) 无法加载模块:Js
[ 2013-05-15T23:00:42+08:00 ] ERR: (ThinkException) 无法加载模块:Js
[ 2013-05-15T23:00:51+08:00 ] ERR: (ThinkException) 无法加载模块:Favicon
[ 2013-05-15T23:02:09+08:00 ] 127.0.0.1 /
INFO: [ route_check ] --START--
INFO: Run CheckRoute Behavior [ RunTime:0.001189s ]
INFO: [ route_check ] --END-- [ RunTime:0.001308s ]
INFO: [ app_begin ] --START--
INFO: Run ReadHtmlCache Behavior [ RunTime:0.001384s ]
INFO: [ app_begin ] --END-- [ RunTime:0.001521s ]
INFO: [ view_template ] --START--
INFO: Run LocationTemplate Behavior [ RunTime:0.001170s ]
INFO: [ view_template ] --END-- [ RunTime:0.001334s ]
INFO: [ view_parse ] --START--
INFO: Run ParseTemplate Behavior [ RunTime:0.013542s ]
INFO: [ view_parse ] --END-- [ RunTime:0.013656s ]
INFO: [ view_filter ] --START--
INFO: Run ContentReplace Behavior [ RunTime:0.001027s ]
INFO: Run TokenBuild Behavior [ RunTime:0.000939s ]
INFO: Run WriteHtmlCache Behavior [ RunTime:0.000488s ]
INFO: Run ShowRuntime Behavior [ RunTime:0.000730s ]
INFO: [ view_filter ] --END-- [ RunTime:0.003460s ]
INFO: [ view_end ] --START--
INFO: Run ShowPageTrace Behavior [ RunTime:0.001128s ]
INFO: [ view_end ] --END-- [ RunTime:0.001230s ]

[ 2013-05-15T23:02:10+08:00 ] ERR: (ThinkException) 无法加载模块:Js
[ 2013-05-15T23:02:10+08:00 ] ERR: (ThinkException) 无法加载模块:Js
[ 2013-05-15T23:02:10+08:00 ] 127.0.0.1 /
INFO: [ route_check ] --START--
INFO: Run CheckRoute Behavior [ RunTime:0.000858s ]
INFO: [ route_check ] --END-- [ RunTime:0.000939s ]
INFO: [ app_begin ] --START--
INFO: Run ReadHtmlCache Behavior [ RunTime:0.000560s ]
INFO: [ app_begin ] --END-- [ RunTime:0.000616s ]
INFO: [ view_template ] --START--
INFO: Run LocationTemplate Behavior [ RunTime:0.000388s ]
INFO: [ view_template ] --END-- [ RunTime:0.000447s ]
INFO: [ view_parse ] --START--
INFO: Run ParseTemplate Behavior [ RunTime:0.009008s ]
INFO: [ view_parse ] --END-- [ RunTime:0.009098s ]
INFO: [ view_filter ] --START--
INFO: Run ContentReplace Behavior [ RunTime:0.000598s ]
INFO: Run TokenBuild Behavior [ RunTime:0.000558s ]
INFO: Run WriteHtmlCache Behavior [ RunTime:0.000288s ]
INFO: Run ShowRuntime Behavior [ RunTime:0.000467s ]
INFO: [ view_filter ] --END-- [ RunTime:0.002076s ]
INFO: [ view_end ] --START--
INFO: Run ShowPageTrace Behavior [ RunTime:0.000908s ]
INFO: [ view_end ] --END-- [ RunTime:0.000994s ]

[ 2013-05-15T23:02:11+08:00 ] ERR: (ThinkException) 无法加载模块:Favicon
[ 2013-05-15T23:02:11+08:00 ] ERR: (ThinkException) 无法加载模块:Js
[ 2013-05-15T23:02:11+08:00 ] ERR: (ThinkException) 无法加载模块:Js
[ 2013-05-15T23:02:14+08:00 ] ERR: (ThinkException) 无法加载模块:Favicon
[ 2013-05-15T23:03:35+08:00 ] 127.0.0.1 /
INFO: [ route_check ] --START--
INFO: Run CheckRoute Behavior [ RunTime:0.001794s ]
INFO: [ route_check ] --END-- [ RunTime:0.001930s ]
INFO: [ app_begin ] --START--
INFO: Run ReadHtmlCache Behavior [ RunTime:0.001733s ]
INFO: [ app_begin ] --END-- [ RunTime:0.001892s ]
INFO: [ view_template ] --START--
INFO: Run LocationTemplate Behavior [ RunTime:0.002041s ]
INFO: [ view_template ] --END-- [ RunTime:0.002195s ]
INFO: [ view_parse ] --START--
INFO: Run ParseTemplate Behavior [ RunTime:0.022262s ]
INFO: [ view_parse ] --END-- [ RunTime:0.022428s ]
INFO: [ view_filter ] --START--
INFO: Run ContentReplace Behavior [ RunTime:0.001323s ]
INFO: Run TokenBuild Behavior [ RunTime:0.001239s ]
INFO: Run WriteHtmlCache Behavior [ RunTime:0.001003s ]
INFO: Run ShowRuntime Behavior [ RunTime:0.001575s ]
INFO: [ view_filter ] --END-- [ RunTime:0.005533s ]
INFO: [ view_end ] --START--
INFO: Run ShowPageTrace Behavior [ RunTime:0.001762s ]
INFO: [ view_end ] --END-- [ RunTime:0.001898s ]

[ 2013-05-15T23:03:35+08:00 ] ERR: (ThinkException) 无法加载模块:Js
[ 2013-05-15T23:03:36+08:00 ] ERR: (ThinkException) 无法加载模块:Js
[ 2013-05-15T23:03:37+08:00 ] ERR: (ThinkException) 无法加载模块:Favicon
[ 2013-05-15T23:03:38+08:00 ] 127.0.0.1 /
INFO: [ route_check ] --START--
INFO: Run CheckRoute Behavior [ RunTime:0.001342s ]
INFO: [ route_check ] --END-- [ RunTime:0.001467s ]
INFO: [ app_begin ] --START--
INFO: Run ReadHtmlCache Behavior [ RunTime:0.000936s ]
INFO: [ app_begin ] --END-- [ RunTime:0.001035s ]
INFO: [ view_template ] --START--
INFO: Run LocationTemplate Behavior [ RunTime:0.000673s ]
INFO: [ view_template ] --END-- [ RunTime:0.000770s ]
INFO: [ view_parse ] --START--
INFO: Run ParseTemplate Behavior [ RunTime:0.014641s ]
INFO: [ view_parse ] --END-- [ RunTime:0.014790s ]
INFO: [ view_filter ] --START--
INFO: Run ContentReplace Behavior [ RunTime:0.000895s ]
INFO: Run TokenBuild Behavior [ RunTime:0.001009s ]
INFO: Run WriteHtmlCache Behavior [ RunTime:0.000705s ]
INFO: Run ShowRuntime Behavior [ RunTime:0.001218s ]
INFO: [ view_filter ] --END-- [ RunTime:0.004208s ]
INFO: [ view_end ] --START--
INFO: Run ShowPageTrace Behavior [ RunTime:0.000883s ]
INFO: [ view_end ] --END-- [ RunTime:0.000968s ]

[ 2013-05-15T23:03:39+08:00 ] ERR: (ThinkException) 无法加载模块:Js
[ 2013-05-15T23:03:39+08:00 ] ERR: (ThinkException) 无法加载模块:Js
[ 2013-05-15T23:03:39+08:00 ] ERR: (ThinkException) 无法加载模块:Favicon
[ 2013-05-15T23:09:56+08:00 ] 127.0.0.1 /
INFO: [ route_check ] --START--
INFO: Run CheckRoute Behavior [ RunTime:0.002844s ]
INFO: [ route_check ] --END-- [ RunTime:0.003049s ]
INFO: [ app_begin ] --START--
INFO: Run ReadHtmlCache Behavior [ RunTime:0.001749s ]
INFO: [ app_begin ] --END-- [ RunTime:0.001897s ]
INFO: [ view_template ] --START--
INFO: Run LocationTemplate Behavior [ RunTime:0.002351s ]
INFO: [ view_template ] --END-- [ RunTime:0.002540s ]
INFO: [ view_parse ] --START--
INFO: Run ParseTemplate Behavior [ RunTime:0.015541s ]
INFO: [ view_parse ] --END-- [ RunTime:0.015689s ]
INFO: [ view_filter ] --START--
INFO: Run ContentReplace Behavior [ RunTime:0.000807s ]
INFO: Run TokenBuild Behavior [ RunTime:0.000958s ]
INFO: Run WriteHtmlCache Behavior [ RunTime:0.000867s ]
INFO: Run ShowRuntime Behavior [ RunTime:0.001309s ]
INFO: [ view_filter ] --END-- [ RunTime:0.004240s ]
INFO: [ view_end ] --START--
INFO: Run ShowPageTrace Behavior [ RunTime:0.001590s ]
INFO: [ view_end ] --END-- [ RunTime:0.001713s ]

[ 2013-05-15T23:09:56+08:00 ] ERR: (ThinkException) 无法加载模块:Js
[ 2013-05-15T23:09:56+08:00 ] ERR: (ThinkException) 无法加载模块:Js
[ 2013-05-15T23:10:06+08:00 ] ERR: (ThinkException) 无法加载模块:Favicon
[ 2013-05-15T23:25:08+08:00 ] 127.0.0.1 /
INFO: [ route_check ] --START--
INFO: Run CheckRoute Behavior [ RunTime:0.002753s ]
INFO: [ route_check ] --END-- [ RunTime:0.002958s ]
INFO: [ app_begin ] --START--
INFO: Run ReadHtmlCache Behavior [ RunTime:0.001744s ]
INFO: [ app_begin ] --END-- [ RunTime:0.001901s ]
INFO: [ view_template ] --START--
INFO: Run LocationTemplate Behavior [ RunTime:0.001678s ]
INFO: [ view_template ] --END-- [ RunTime:0.001811s ]
INFO: [ view_parse ] --START--
INFO: Run ParseTemplate Behavior [ RunTime:0.014867s ]
INFO: [ view_parse ] --END-- [ RunTime:0.014978s ]
INFO: [ view_filter ] --START--
INFO: Run ContentReplace Behavior [ RunTime:0.000846s ]
INFO: Run TokenBuild Behavior [ RunTime:0.000822s ]
INFO: Run WriteHtmlCache Behavior [ RunTime:0.000698s ]
INFO: Run ShowRuntime Behavior [ RunTime:0.001261s ]
INFO: [ view_filter ] --END-- [ RunTime:0.003889s ]
INFO: [ view_end ] --START--
INFO: Run ShowPageTrace Behavior [ RunTime:0.001683s ]
INFO: [ view_end ] --END-- [ RunTime:0.001815s ]

[ 2013-05-15T23:25:08+08:00 ] ERR: (ThinkException) 无法加载模块:Js
[ 2013-05-15T23:25:08+08:00 ] ERR: (ThinkException) 无法加载模块:Js
[ 2013-05-15T23:25:11+08:00 ] ERR: (ThinkException) 无法加载模块:Favicon
[ 2013-05-15T23:26:09+08:00 ] 127.0.0.1 /
INFO: [ route_check ] --START--
INFO: Run CheckRoute Behavior [ RunTime:0.001289s ]
INFO: [ route_check ] --END-- [ RunTime:0.001416s ]
INFO: [ app_begin ] --START--
INFO: Run ReadHtmlCache Behavior [ RunTime:0.000878s ]
INFO: [ app_begin ] --END-- [ RunTime:0.000968s ]
INFO: [ view_template ] --START--
INFO: Run LocationTemplate Behavior [ RunTime:0.000906s ]
INFO: [ view_template ] --END-- [ RunTime:0.001040s ]
INFO: [ view_parse ] --START--
INFO: Run ParseTemplate Behavior [ RunTime:0.008755s ]
INFO: [ view_parse ] --END-- [ RunTime:0.008876s ]
INFO: [ view_filter ] --START--
INFO: Run ContentReplace Behavior [ RunTime:0.000683s ]
INFO: Run TokenBuild Behavior [ RunTime:0.000568s ]
INFO: Run WriteHtmlCache Behavior [ RunTime:0.000408s ]
INFO: Run ShowRuntime Behavior [ RunTime:0.000696s ]
INFO: [ view_filter ] --END-- [ RunTime:0.002584s ]
INFO: [ view_end ] --START--
INFO: Run ShowPageTrace Behavior [ RunTime:0.000677s ]
INFO: [ view_end ] --END-- [ RunTime:0.000741s ]

[ 2013-05-15T23:26:09+08:00 ] ERR: (ThinkException) 无法加载模块:Js
[ 2013-05-15T23:26:09+08:00 ] ERR: (ThinkException) 无法加载模块:Js
[ 2013-05-15T23:26:12+08:00 ] ERR: (ThinkException) 无法加载模块:Favicon
[ 2013-05-15T23:26:17+08:00 ] 127.0.0.1 /
INFO: [ route_check ] --START--
INFO: Run CheckRoute Behavior [ RunTime:0.001183s ]
INFO: [ route_check ] --END-- [ RunTime:0.001296s ]
INFO: [ app_begin ] --START--
INFO: Run ReadHtmlCache Behavior [ RunTime:0.000831s ]
INFO: [ app_begin ] --END-- [ RunTime:0.000915s ]
INFO: [ view_template ] --START--
INFO: Run LocationTemplate Behavior [ RunTime:0.000585s ]
INFO: [ view_template ] --END-- [ RunTime:0.000669s ]
INFO: [ view_parse ] --START--
INFO: Run ParseTemplate Behavior [ RunTime:0.013470s ]
INFO: [ view_parse ] --END-- [ RunTime:0.013608s ]
INFO: [ view_filter ] --START--
INFO: Run ContentReplace Behavior [ RunTime:0.000959s ]
INFO: Run TokenBuild Behavior [ RunTime:0.000959s ]
INFO: Run WriteHtmlCache Behavior [ RunTime:0.000677s ]
INFO: Run ShowRuntime Behavior [ RunTime:0.001094s ]
INFO: [ view_filter ] --END-- [ RunTime:0.004076s ]
INFO: [ view_end ] --START--
INFO: Run ShowPageTrace Behavior [ RunTime:0.001535s ]
INFO: [ view_end ] --END-- [ RunTime:0.001671s ]

[ 2013-05-15T23:26:17+08:00 ] ERR: (ThinkException) 无法加载模块:Js
[ 2013-05-15T23:26:17+08:00 ] ERR: (ThinkException) 无法加载模块:Js
[ 2013-05-15T23:26:18+08:00 ] 127.0.0.1 /
INFO: [ route_check ] --START--
INFO: Run CheckRoute Behavior [ RunTime:0.002163s ]
INFO: [ route_check ] --END-- [ RunTime:0.002329s ]
INFO: [ app_begin ] --START--
INFO: Run ReadHtmlCache Behavior [ RunTime:0.001074s ]
INFO: [ app_begin ] --END-- [ RunTime:0.001193s ]
INFO: [ view_template ] --START--
INFO: Run LocationTemplate Behavior [ RunTime:0.000801s ]
INFO: [ view_template ] --END-- [ RunTime:0.000915s ]
INFO: [ view_parse ] --START--
INFO: Run ParseTemplate Behavior [ RunTime:0.016336s ]
INFO: [ view_parse ] --END-- [ RunTime:0.016464s ]
INFO: [ view_filter ] --START--
INFO: Run ContentReplace Behavior [ RunTime:0.000761s ]
INFO: Run TokenBuild Behavior [ RunTime:0.000699s ]
INFO: Run WriteHtmlCache Behavior [ RunTime:0.000541s ]
INFO: Run ShowRuntime Behavior [ RunTime:0.000852s ]
INFO: [ view_filter ] --END-- [ RunTime:0.003127s ]
INFO: [ view_end ] --START--
INFO: Run ShowPageTrace Behavior [ RunTime:0.001117s ]
INFO: [ view_end ] --END-- [ RunTime:0.001210s ]

[ 2013-05-15T23:26:18+08:00 ] ERR: (ThinkException) 无法加载模块:Favicon
[ 2013-05-15T23:26:21+08:00 ] ERR: (ThinkException) 无法加载模块:Favicon
[ 2013-05-15T23:26:34+08:00 ] ERR: (ThinkException) 无法加载模块:Js
[ 2013-05-15T23:26:34+08:00 ] ERR: (ThinkException) 无法加载模块:Js
[ 2013-05-15T23:27:30+08:00 ] 127.0.0.1 /
INFO: [ route_check ] --START--
INFO: Run CheckRoute Behavior [ RunTime:0.001924s ]
INFO: [ route_check ] --END-- [ RunTime:0.002065s ]
INFO: [ app_begin ] --START--
INFO: Run ReadHtmlCache Behavior [ RunTime:0.001316s ]
INFO: [ app_begin ] --END-- [ RunTime:0.001453s ]
INFO: [ view_template ] --START--
INFO: Run LocationTemplate Behavior [ RunTime:0.001472s ]
INFO: [ view_template ] --END-- [ RunTime:0.001593s ]
INFO: [ view_parse ] --START--
INFO: Run ParseTemplate Behavior [ RunTime:0.014341s ]
INFO: [ view_parse ] --END-- [ RunTime:0.014450s ]
INFO: [ view_filter ] --START--
INFO: Run ContentReplace Behavior [ RunTime:0.000782s ]
INFO: Run TokenBuild Behavior [ RunTime:0.000859s ]
INFO: Run WriteHtmlCache Behavior [ RunTime:0.000633s ]
INFO: Run ShowRuntime Behavior [ RunTime:0.000706s ]
INFO: [ view_filter ] --END-- [ RunTime:0.003221s ]
INFO: [ view_end ] --START--
INFO: Run ShowPageTrace Behavior [ RunTime:0.000785s ]
INFO: [ view_end ] --END-- [ RunTime:0.000842s ]

[ 2013-05-15T23:27:31+08:00 ] 127.0.0.1 /
INFO: [ route_check ] --START--
INFO: Run CheckRoute Behavior [ RunTime:0.001436s ]
INFO: [ route_check ] --END-- [ RunTime:0.001588s ]
INFO: [ app_begin ] --START--
INFO: Run ReadHtmlCache Behavior [ RunTime:0.001384s ]
INFO: [ app_begin ] --END-- [ RunTime:0.001511s ]
INFO: [ view_template ] --START--
INFO: Run LocationTemplate Behavior [ RunTime:0.000636s ]
INFO: [ view_template ] --END-- [ RunTime:0.000731s ]
INFO: [ view_parse ] --START--
INFO: Run ParseTemplate Behavior [ RunTime:0.011337s ]
INFO: [ view_parse ] --END-- [ RunTime:0.011435s ]
INFO: [ view_filter ] --START--
INFO: Run ContentReplace Behavior [ RunTime:0.000435s ]
INFO: Run TokenBuild Behavior [ RunTime:0.000387s ]
INFO: Run WriteHtmlCache Behavior [ RunTime:0.000322s ]
INFO: Run ShowRuntime Behavior [ RunTime:0.000626s ]
INFO: [ view_filter ] --END-- [ RunTime:0.001935s ]
INFO: [ view_end ] --START--
INFO: Run ShowPageTrace Behavior [ RunTime:0.000644s ]
INFO: [ view_end ] --END-- [ RunTime:0.000709s ]

[ 2013-05-15T23:27:31+08:00 ] ERR: (ThinkException) 无法加载模块:Favicon
[ 2013-05-15T23:27:32+08:00 ] ERR: (ThinkException) 无法加载模块:Favicon
[ 2013-05-15T23:32:34+08:00 ] ERR: (ThinkException) 无法加载模块:Favicon
[ 2013-05-15T23:35:49+08:00 ] 127.0.0.1 /
INFO: [ route_check ] --START--
INFO: Run CheckRoute Behavior [ RunTime:0.002408s ]
INFO: [ route_check ] --END-- [ RunTime:0.002546s ]
INFO: [ app_begin ] --START--
INFO: Run ReadHtmlCache Behavior [ RunTime:0.001090s ]
INFO: [ app_begin ] --END-- [ RunTime:0.001188s ]
INFO: [ view_template ] --START--
INFO: Run LocationTemplate Behavior [ RunTime:0.001321s ]
INFO: [ view_template ] --END-- [ RunTime:0.001424s ]
INFO: [ view_parse ] --START--
INFO: Run ParseTemplate Behavior [ RunTime:0.015721s ]
INFO: [ view_parse ] --END-- [ RunTime:0.015856s ]
INFO: [ view_filter ] --START--
INFO: Run ContentReplace Behavior [ RunTime:0.001083s ]
INFO: Run TokenBuild Behavior [ RunTime:0.000990s ]
INFO: Run WriteHtmlCache Behavior [ RunTime:0.000683s ]
INFO: Run ShowRuntime Behavior [ RunTime:0.000961s ]
INFO: [ view_filter ] --END-- [ RunTime:0.003967s ]
INFO: [ view_end ] --START--
INFO: Run ShowPageTrace Behavior [ RunTime:0.001154s ]
INFO: [ view_end ] --END-- [ RunTime:0.001242s ]

[ 2013-05-15T23:35:50+08:00 ] ERR: (ThinkException) 无法加载模块:Favicon
[ 2013-05-15T23:37:29+08:00 ] ERR: (ThinkException) 无法加载模块:Favicon
[ 2013-05-15T23:37:31+08:00 ] ERR: (ThinkException) 无法加载模块:Favicon
[ 2013-05-15T23:37:32+08:00 ] ERR: (ThinkException) 无法加载模块:Favicon
[ 2013-05-15T23:37:33+08:00 ] ERR: (ThinkException) 无法加载模块:Favicon
[ 2013-05-15T23:37:34+08:00 ] ERR: (ThinkException) 无法加载模块:Favicon
[ 2013-05-15T23:37:36+08:00 ] ERR: (ThinkException) 无法加载模块:Favicon
[ 2013-05-15T23:37:38+08:00 ] ERR: (ThinkException) 无法加载模块:Js
[ 2013-05-15T23:37:38+08:00 ] ERR: (ThinkException) 无法加载模块:Js
[ 2013-05-15T23:38:48+08:00 ] 127.0.0.1 /
INFO: [ route_check ] --START--
INFO: Run CheckRoute Behavior [ RunTime:0.001792s ]
INFO: [ route_check ] --END-- [ RunTime:0.002006s ]
INFO: [ app_begin ] --START--
INFO: Run ReadHtmlCache Behavior [ RunTime:0.001248s ]
INFO: [ app_begin ] --END-- [ RunTime:0.001383s ]
INFO: [ view_template ] --START--
INFO: Run LocationTemplate Behavior [ RunTime:0.001387s ]
INFO: [ view_template ] --END-- [ RunTime:0.001487s ]
INFO: [ view_parse ] --START--
INFO: Run ParseTemplate Behavior [ RunTime:0.018440s ]
INFO: [ view_parse ] --END-- [ RunTime:0.018563s ]
INFO: [ view_filter ] --START--
INFO: Run ContentReplace Behavior [ RunTime:0.001036s ]
INFO: Run TokenBuild Behavior [ RunTime:0.001111s ]
INFO: Run WriteHtmlCache Behavior [ RunTime:0.000680s ]
INFO: Run ShowRuntime Behavior [ RunTime:0.000956s ]
INFO: [ view_filter ] --END-- [ RunTime:0.004047s ]
INFO: [ view_end ] --START--
INFO: Run ShowPageTrace Behavior [ RunTime:0.001657s ]
INFO: [ view_end ] --END-- [ RunTime:0.001765s ]

[ 2013-05-15T23:38:48+08:00 ] ERR: (ThinkException) 无法加载模块:Js
[ 2013-05-15T23:38:49+08:00 ] ERR: (ThinkException) 无法加载模块:Js
[ 2013-05-15T23:38:50+08:00 ] 127.0.0.1 /
INFO: [ route_check ] --START--
INFO: Run CheckRoute Behavior [ RunTime:0.001106s ]
INFO: [ route_check ] --END-- [ RunTime:0.001206s ]
INFO: [ app_begin ] --START--
INFO: Run ReadHtmlCache Behavior [ RunTime:0.000730s ]
INFO: [ app_begin ] --END-- [ RunTime:0.000806s ]
INFO: [ view_template ] --START--
INFO: Run LocationTemplate Behavior [ RunTime:0.000621s ]
INFO: [ view_template ] --END-- [ RunTime:0.000717s ]
INFO: [ view_parse ] --START--
INFO: Run ParseTemplate Behavior [ RunTime:0.010284s ]
INFO: [ view_parse ] --END-- [ RunTime:0.010386s ]
INFO: [ view_filter ] --START--
INFO: Run ContentReplace Behavior [ RunTime:0.000593s ]
INFO: Run TokenBuild Behavior [ RunTime:0.000603s ]
INFO: Run WriteHtmlCache Behavior [ RunTime:0.000281s ]
INFO: Run ShowRuntime Behavior [ RunTime:0.000498s ]
INFO: [ view_filter ] --END-- [ RunTime:0.002150s ]
INFO: [ view_end ] --START--
INFO: Run ShowPageTrace Behavior [ RunTime:0.000631s ]
INFO: [ view_end ] --END-- [ RunTime:0.000684s ]

[ 2013-05-15T23:38:50+08:00 ] ERR: (ThinkException) 无法加载模块:Favicon
[ 2013-05-15T23:38:51+08:00 ] ERR: (ThinkException) 无法加载模块:Favicon
[ 2013-05-15T23:39:06+08:00 ] ERR: (ThinkException) 无法加载模块:Js
[ 2013-05-15T23:39:06+08:00 ] ERR: (ThinkException) 无法加载模块:Js
[ 2013-05-15T23:41:40+08:00 ] 127.0.0.1 /
INFO: [ route_check ] --START--
INFO: Run CheckRoute Behavior [ RunTime:0.001272s ]
INFO: [ route_check ] --END-- [ RunTime:0.001393s ]
INFO: [ app_begin ] --START--
INFO: Run ReadHtmlCache Behavior [ RunTime:0.000881s ]
INFO: [ app_begin ] --END-- [ RunTime:0.000974s ]
INFO: [ view_template ] --START--
INFO: Run LocationTemplate Behavior [ RunTime:0.001335s ]
INFO: [ view_template ] --END-- [ RunTime:0.001434s ]
INFO: [ view_parse ] --START--
INFO: Run ParseTemplate Behavior [ RunTime:0.015474s ]
INFO: [ view_parse ] --END-- [ RunTime:0.015626s ]
INFO: [ view_filter ] --START--
INFO: Run ContentReplace Behavior [ RunTime:0.001201s ]
INFO: Run TokenBuild Behavior [ RunTime:0.001099s ]
INFO: Run WriteHtmlCache Behavior [ RunTime:0.000724s ]
INFO: Run ShowRuntime Behavior [ RunTime:0.001047s ]
INFO: [ view_filter ] --END-- [ RunTime:0.004412s ]
INFO: [ view_end ] --START--
INFO: Run ShowPageTrace Behavior [ RunTime:0.001834s ]
INFO: [ view_end ] --END-- [ RunTime:0.001981s ]

[ 2013-05-15T23:41:41+08:00 ] ERR: (ThinkException) 无法加载模块:Favicon
[ 2013-05-15T23:43:33+08:00 ] 127.0.0.1 /
INFO: [ route_check ] --START--
INFO: Run CheckRoute Behavior [ RunTime:0.002816s ]
INFO: [ route_check ] --END-- [ RunTime:0.003024s ]
INFO: [ app_begin ] --START--
INFO: Run ReadHtmlCache Behavior [ RunTime:0.001789s ]
INFO: [ app_begin ] --END-- [ RunTime:0.001940s ]
INFO: [ view_template ] --START--
INFO: Run LocationTemplate Behavior [ RunTime:0.001284s ]
INFO: [ view_template ] --END-- [ RunTime:0.001492s ]
INFO: [ view_parse ] --START--
INFO: Run ParseTemplate Behavior [ RunTime:0.027648s ]
INFO: [ view_parse ] --END-- [ RunTime:0.027864s ]
INFO: [ view_filter ] --START--
INFO: Run ContentReplace Behavior [ RunTime:0.001376s ]
INFO: Run TokenBuild Behavior [ RunTime:0.001650s ]
INFO: Run WriteHtmlCache Behavior [ RunTime:0.000929s ]
INFO: Run ShowRuntime Behavior [ RunTime:0.002763s ]
INFO: [ view_filter ] --END-- [ RunTime:0.007311s ]
INFO: [ view_end ] --START--
INFO: Run ShowPageTrace Behavior [ RunTime:0.003283s ]
INFO: [ view_end ] --END-- [ RunTime:0.003596s ]

[ 2013-05-15T23:43:51+08:00 ] ERR: (ThinkException) 无法加载模块:Js
[ 2013-05-15T23:43:51+08:00 ] ERR: (ThinkException) 无法加载模块:Js
[ 2013-05-15T23:44:16+08:00 ] ERR: (ThinkException) 无法加载模块:Favicon
[ 2013-05-15T23:44:23+08:00 ] ERR: (ThinkException) 无法加载模块:Favicon
[ 2013-05-15T23:45:56+08:00 ] 127.0.0.1 /
INFO: [ route_check ] --START--
INFO: Run CheckRoute Behavior [ RunTime:0.001794s ]
INFO: [ route_check ] --END-- [ RunTime:0.001941s ]
INFO: [ app_begin ] --START--
INFO: Run ReadHtmlCache Behavior [ RunTime:0.001741s ]
INFO: [ app_begin ] --END-- [ RunTime:0.001899s ]
INFO: [ view_template ] --START--
INFO: Run LocationTemplate Behavior [ RunTime:0.002054s ]
INFO: [ view_template ] --END-- [ RunTime:0.002208s ]
INFO: [ view_parse ] --START--
INFO: Run ParseTemplate Behavior [ RunTime:0.022729s ]
INFO: [ view_parse ] --END-- [ RunTime:0.022903s ]
INFO: [ view_filter ] --START--
INFO: Run ContentReplace Behavior [ RunTime:0.001276s ]
INFO: Run TokenBuild Behavior [ RunTime:0.001470s ]
INFO: Run WriteHtmlCache Behavior [ RunTime:0.000961s ]
INFO: Run ShowRuntime Behavior [ RunTime:0.001401s ]
INFO: [ view_filter ] --END-- [ RunTime:0.005488s ]
INFO: [ view_end ] --START--
INFO: Run ShowPageTrace Behavior [ RunTime:0.001819s ]
INFO: [ view_end ] --END-- [ RunTime:0.001957s ]

[ 2013-05-15T23:45:56+08:00 ] ERR: (ThinkException) 无法加载模块:Js
[ 2013-05-15T23:45:56+08:00 ] ERR: (ThinkException) 无法加载模块:Js
[ 2013-05-15T23:45:57+08:00 ] ERR: (ThinkException) 无法加载模块:Favicon
