[ 2013-05-06T23:35:27+08:00 ] ERR: (ThinkException) 无法加载模块:index
[ 2013-05-06T23:35:27+08:00 ] ERR: (ThinkException) 无法加载模块:favicon
[ 2013-05-06T23:36:35+08:00 ] ERR: (ThinkException) 无法加载模块:dir
[ 2013-05-06T23:36:35+08:00 ] ERR: (ThinkException) 无法加载模块:favicon
[ 2013-05-06T23:36:38+08:00 ] ERR: (ThinkException) 无法加载模块:dir
[ 2013-05-06T23:36:38+08:00 ] ERR: (ThinkException) 无法加载模块:favicon
[ 2013-05-06T23:36:39+08:00 ] ERR: (ThinkException) 无法加载模块:dir
[ 2013-05-06T23:36:39+08:00 ] ERR: (ThinkException) 无法加载模块:favicon
[ 2013-05-06T23:38:10+08:00 ] ERR: (ThinkException) 无法加载模块:dir
[ 2013-05-06T23:38:11+08:00 ] ERR: (ThinkException) 无法加载模块:favicon
[ 2013-05-06T23:38:15+08:00 ] ERR: (ThinkException) 无法加载模块:index
[ 2013-05-06T23:38:15+08:00 ] ERR: (ThinkException) 无法加载模块:favicon
[ 2013-05-06T23:38:55+08:00 ] ERR: (ThinkException) 无法加载模块:test
[ 2013-05-06T23:38:55+08:00 ] ERR: (ThinkException) 无法加载模块:favicon
[ 2013-05-06T23:39:00+08:00 ] ERR: (ThinkException) 无法加载模块:index
[ 2013-05-06T23:39:00+08:00 ] ERR: (ThinkException) 无法加载模块:favicon
[ 2013-05-06T23:39:04+08:00 ] 127.0.0.1 /Index/test
INFO: [ route_check ] --START--
INFO: Run CheckRoute Behavior [ RunTime:0.000804s ]
INFO: [ route_check ] --END-- [ RunTime:0.000881s ]
INFO: [ app_begin ] --START--
INFO: Run ReadHtmlCache Behavior [ RunTime:0.000581s ]
INFO: [ app_begin ] --END-- [ RunTime:0.000638s ]

[ 2013-05-06T23:39:04+08:00 ] ERR: (ThinkException) 无法加载模块:favicon
[ 2013-05-06T23:39:20+08:00 ] 127.0.0.1 /Dir/add
INFO: [ route_check ] --START--
INFO: Run CheckRoute Behavior [ RunTime:0.000793s ]
INFO: [ route_check ] --END-- [ RunTime:0.000870s ]
INFO: [ app_begin ] --START--
INFO: Run ReadHtmlCache Behavior [ RunTime:0.000555s ]
INFO: [ app_begin ] --END-- [ RunTime:0.000612s ]

[ 2013-05-06T23:39:20+08:00 ] ERR: (ThinkException) 无法加载模块:favicon
[ 2013-05-06T23:39:33+08:00 ] ERR: (ThinkException) 无法加载模块:favicon
