[ 2013-05-16T21:52:54+08:00 ] 127.0.0.1 /
INFO: [ route_check ] --START--
INFO: Run CheckRoute Behavior [ RunTime:0.000583s ]
INFO: [ route_check ] --END-- [ RunTime:0.000662s ]
INFO: [ app_begin ] --START--
INFO: Run ReadHtmlCache Behavior [ RunTime:0.000305s ]
INFO: [ app_begin ] --END-- [ RunTime:0.000358s ]
INFO: [ view_template ] --START--
INFO: Run LocationTemplate Behavior [ RunTime:0.000156s ]
INFO: [ view_template ] --END-- [ RunTime:0.000207s ]
INFO: [ view_parse ] --START--
INFO: Run ParseTemplate Behavior [ RunTime:0.005055s ]
INFO: [ view_parse ] --END-- [ RunTime:0.005142s ]
INFO: [ view_filter ] --START--
INFO: Run ContentReplace Behavior [ RunTime:0.000189s ]
INFO: Run TokenBuild Behavior [ RunTime:0.000189s ]
INFO: Run WriteHtmlCache Behavior [ RunTime:0.000107s ]
INFO: Run ShowRuntime Behavior [ RunTime:0.000246s ]
INFO: [ view_filter ] --END-- [ RunTime:0.000866s ]
INFO: [ view_end ] --START--
INFO: Run ShowPageTrace Behavior [ RunTime:0.000337s ]
INFO: [ view_end ] --END-- [ RunTime:0.000383s ]

[ 2013-05-16T21:52:54+08:00 ] ERR: (ThinkException) 无法加载模块:Themes
[ 2013-05-16T21:52:54+08:00 ] ERR: (ThinkException) 无法加载模块:Favicon
[ 2013-05-16T21:52:55+08:00 ] 127.0.0.1 /
INFO: [ route_check ] --START--
INFO: Run CheckRoute Behavior [ RunTime:0.001246s ]
INFO: [ route_check ] --END-- [ RunTime:0.001420s ]
INFO: [ app_begin ] --START--
INFO: Run ReadHtmlCache Behavior [ RunTime:0.000751s ]
INFO: [ app_begin ] --END-- [ RunTime:0.000881s ]
INFO: [ view_template ] --START--
INFO: Run LocationTemplate Behavior [ RunTime:0.000400s ]
INFO: [ view_template ] --END-- [ RunTime:0.000531s ]
INFO: [ view_parse ] --START--
INFO: Run ParseTemplate Behavior [ RunTime:0.005496s ]
INFO: [ view_parse ] --END-- [ RunTime:0.005596s ]
INFO: [ view_filter ] --START--
INFO: Run ContentReplace Behavior [ RunTime:0.000204s ]
INFO: Run TokenBuild Behavior [ RunTime:0.000194s ]
INFO: Run WriteHtmlCache Behavior [ RunTime:0.000112s ]
INFO: Run ShowRuntime Behavior [ RunTime:0.000251s ]
INFO: [ view_filter ] --END-- [ RunTime:0.000899s ]
INFO: [ view_end ] --START--
INFO: Run ShowPageTrace Behavior [ RunTime:0.000340s ]
INFO: [ view_end ] --END-- [ RunTime:0.000386s ]

[ 2013-05-16T21:52:55+08:00 ] ERR: (ThinkException) 无法加载模块:Themes
[ 2013-05-16T21:52:55+08:00 ] ERR: (ThinkException) 无法加载模块:Favicon
[ 2013-05-16T21:52:55+08:00 ] 127.0.0.1 /
INFO: [ route_check ] --START--
INFO: Run CheckRoute Behavior [ RunTime:0.000713s ]
INFO: [ route_check ] --END-- [ RunTime:0.000836s ]
INFO: [ app_begin ] --START--
INFO: Run ReadHtmlCache Behavior [ RunTime:0.000322s ]
INFO: [ app_begin ] --END-- [ RunTime:0.000375s ]
INFO: [ view_template ] --START--
INFO: Run LocationTemplate Behavior [ RunTime:0.000166s ]
INFO: [ view_template ] --END-- [ RunTime:0.000221s ]
INFO: [ view_parse ] --START--
INFO: Run ParseTemplate Behavior [ RunTime:0.005603s ]
INFO: [ view_parse ] --END-- [ RunTime:0.005679s ]
INFO: [ view_filter ] --START--
INFO: Run ContentReplace Behavior [ RunTime:0.000228s ]
INFO: Run TokenBuild Behavior [ RunTime:0.000214s ]
INFO: Run WriteHtmlCache Behavior [ RunTime:0.000115s ]
INFO: Run ShowRuntime Behavior [ RunTime:0.000265s ]
INFO: [ view_filter ] --END-- [ RunTime:0.000970s ]
INFO: [ view_end ] --START--
INFO: Run ShowPageTrace Behavior [ RunTime:0.000365s ]
INFO: [ view_end ] --END-- [ RunTime:0.000415s ]

[ 2013-05-16T21:52:55+08:00 ] ERR: (ThinkException) 无法加载模块:Themes
[ 2013-05-16T21:52:55+08:00 ] ERR: (ThinkException) 无法加载模块:Favicon
[ 2013-05-16T21:53:02+08:00 ] ERR: (ThinkException) 无法加载模块:Themes
[ 2013-05-16T21:53:02+08:00 ] ERR: (ThinkException) 无法加载模块:Favicon
[ 2013-05-16T21:53:17+08:00 ] 127.0.0.1 /
INFO: [ route_check ] --START--
INFO: Run CheckRoute Behavior [ RunTime:0.000476s ]
INFO: [ route_check ] --END-- [ RunTime:0.000551s ]
INFO: [ app_begin ] --START--
INFO: Run ReadHtmlCache Behavior [ RunTime:0.000302s ]
INFO: [ app_begin ] --END-- [ RunTime:0.000352s ]
INFO: [ view_template ] --START--
INFO: Run LocationTemplate Behavior [ RunTime:0.000159s ]
INFO: [ view_template ] --END-- [ RunTime:0.000208s ]
INFO: [ view_parse ] --START--
INFO: Run ParseTemplate Behavior [ RunTime:0.005254s ]
INFO: [ view_parse ] --END-- [ RunTime:0.005319s ]
INFO: [ view_filter ] --START--
INFO: Run ContentReplace Behavior [ RunTime:0.000195s ]
INFO: Run TokenBuild Behavior [ RunTime:0.000196s ]
INFO: Run WriteHtmlCache Behavior [ RunTime:0.000118s ]
INFO: Run ShowRuntime Behavior [ RunTime:0.000267s ]
INFO: [ view_filter ] --END-- [ RunTime:0.000923s ]
INFO: [ view_end ] --START--
INFO: Run ShowPageTrace Behavior [ RunTime:0.000375s ]
INFO: [ view_end ] --END-- [ RunTime:0.000424s ]

[ 2013-05-16T21:53:17+08:00 ] ERR: (ThinkException) 无法加载模块:Themes
[ 2013-05-16T21:53:18+08:00 ] ERR: (ThinkException) 无法加载模块:Favicon
[ 2013-05-16T21:53:21+08:00 ] ERR: (ThinkException) 无法加载模块:Themes
[ 2013-05-16T21:53:22+08:00 ] ERR: (ThinkException) 无法加载模块:Favicon
[ 2013-05-16T21:53:31+08:00 ] ERR: (ThinkException) 无法加载模块:Favicon
[ 2013-05-16T21:53:58+08:00 ] 127.0.0.1 /
INFO: [ route_check ] --START--
INFO: Run CheckRoute Behavior [ RunTime:0.000465s ]
INFO: [ route_check ] --END-- [ RunTime:0.000538s ]
INFO: [ app_begin ] --START--
INFO: Run ReadHtmlCache Behavior [ RunTime:0.000290s ]
INFO: [ app_begin ] --END-- [ RunTime:0.000340s ]
INFO: [ view_template ] --START--
INFO: Run LocationTemplate Behavior [ RunTime:0.000161s ]
INFO: [ view_template ] --END-- [ RunTime:0.000215s ]
INFO: [ view_parse ] --START--
INFO: Run ParseTemplate Behavior [ RunTime:0.005698s ]
INFO: [ view_parse ] --END-- [ RunTime:0.005778s ]
INFO: [ view_filter ] --START--
INFO: Run ContentReplace Behavior [ RunTime:0.000200s ]
INFO: Run TokenBuild Behavior [ RunTime:0.000201s ]
INFO: Run WriteHtmlCache Behavior [ RunTime:0.000116s ]
INFO: Run ShowRuntime Behavior [ RunTime:0.000266s ]
INFO: [ view_filter ] --END-- [ RunTime:0.000942s ]
INFO: [ view_end ] --START--
INFO: Run ShowPageTrace Behavior [ RunTime:0.000408s ]
INFO: [ view_end ] --END-- [ RunTime:0.000458s ]

[ 2013-05-16T21:53:59+08:00 ] ERR: (ThinkException) 无法加载模块:Favicon
[ 2013-05-16T21:54:37+08:00 ] ERR: (ThinkException) 无法加载模块:Favicon
[ 2013-05-16T21:54:37+08:00 ] ERR: (ThinkException) 无法加载模块:Favicon
[ 2013-05-16T21:54:39+08:00 ] ERR: (ThinkException) 无法加载模块:Favicon
[ 2013-05-16T21:54:40+08:00 ] ERR: (ThinkException) 无法加载模块:Favicon
[ 2013-05-16T21:55:00+08:00 ] ERR: (ThinkException) 无法加载模块:Favicon
[ 2013-05-16T21:57:11+08:00 ] 127.0.0.1 /
INFO: [ route_check ] --START--
INFO: Run CheckRoute Behavior [ RunTime:0.000483s ]
INFO: [ route_check ] --END-- [ RunTime:0.000559s ]
INFO: [ app_begin ] --START--
INFO: Run ReadHtmlCache Behavior [ RunTime:0.000293s ]
INFO: [ app_begin ] --END-- [ RunTime:0.000341s ]
INFO: [ view_template ] --START--
INFO: Run LocationTemplate Behavior [ RunTime:0.000156s ]
INFO: [ view_template ] --END-- [ RunTime:0.000207s ]
INFO: [ view_parse ] --START--
INFO: Run ParseTemplate Behavior [ RunTime:0.005239s ]
INFO: [ view_parse ] --END-- [ RunTime:0.005313s ]
INFO: [ view_filter ] --START--
INFO: Run ContentReplace Behavior [ RunTime:0.000195s ]
INFO: Run TokenBuild Behavior [ RunTime:0.000194s ]
INFO: Run WriteHtmlCache Behavior [ RunTime:0.000115s ]
INFO: Run ShowRuntime Behavior [ RunTime:0.000267s ]
INFO: [ view_filter ] --END-- [ RunTime:0.000916s ]
INFO: [ view_end ] --START--
INFO: Run ShowPageTrace Behavior [ RunTime:0.000372s ]
INFO: [ view_end ] --END-- [ RunTime:0.000421s ]

[ 2013-05-16T21:57:11+08:00 ] ERR: (ThinkException) 无法加载模块:Favicon
[ 2013-05-16T21:57:13+08:00 ] 127.0.0.1 /
INFO: [ route_check ] --START--
INFO: Run CheckRoute Behavior [ RunTime:0.000598s ]
INFO: [ route_check ] --END-- [ RunTime:0.000673s ]
INFO: [ app_begin ] --START--
INFO: Run ReadHtmlCache Behavior [ RunTime:0.000298s ]
INFO: [ app_begin ] --END-- [ RunTime:0.000348s ]
INFO: [ view_template ] --START--
INFO: Run LocationTemplate Behavior [ RunTime:0.000159s ]
INFO: [ view_template ] --END-- [ RunTime:0.000228s ]
INFO: [ view_parse ] --START--
INFO: Run ParseTemplate Behavior [ RunTime:0.005248s ]
INFO: [ view_parse ] --END-- [ RunTime:0.005313s ]
INFO: [ view_filter ] --START--
INFO: Run ContentReplace Behavior [ RunTime:0.000193s ]
INFO: Run TokenBuild Behavior [ RunTime:0.000193s ]
INFO: Run WriteHtmlCache Behavior [ RunTime:0.000116s ]
INFO: Run ShowRuntime Behavior [ RunTime:0.000263s ]
INFO: [ view_filter ] --END-- [ RunTime:0.000906s ]
INFO: [ view_end ] --START--
INFO: Run ShowPageTrace Behavior [ RunTime:0.000371s ]
INFO: [ view_end ] --END-- [ RunTime:0.000419s ]

[ 2013-05-16T21:57:13+08:00 ] ERR: (ThinkException) 无法加载模块:Favicon
[ 2013-05-16T21:58:32+08:00 ] 127.0.0.1 /
INFO: [ route_check ] --START--
INFO: Run CheckRoute Behavior [ RunTime:0.001247s ]
INFO: [ route_check ] --END-- [ RunTime:0.001463s ]
INFO: [ app_begin ] --START--
INFO: Run ReadHtmlCache Behavior [ RunTime:0.000766s ]
INFO: [ app_begin ] --END-- [ RunTime:0.000895s ]
INFO: [ view_template ] --START--
INFO: Run LocationTemplate Behavior [ RunTime:0.000411s ]
INFO: [ view_template ] --END-- [ RunTime:0.000544s ]
INFO: [ view_parse ] --START--
INFO: Run ParseTemplate Behavior [ RunTime:0.006037s ]
INFO: [ view_parse ] --END-- [ RunTime:0.006155s ]
INFO: [ view_filter ] --START--
INFO: Run ContentReplace Behavior [ RunTime:0.000207s ]
INFO: Run TokenBuild Behavior [ RunTime:0.000196s ]
INFO: Run WriteHtmlCache Behavior [ RunTime:0.000113s ]
INFO: Run ShowRuntime Behavior [ RunTime:0.000269s ]
INFO: [ view_filter ] --END-- [ RunTime:0.000921s ]
INFO: [ view_end ] --START--
INFO: Run ShowPageTrace Behavior [ RunTime:0.000349s ]
INFO: [ view_end ] --END-- [ RunTime:0.000394s ]

[ 2013-05-16T21:58:32+08:00 ] ERR: (ThinkException) 无法加载模块:Favicon
[ 2013-05-16T21:58:32+08:00 ] ERR: (ThinkException) Access denied for user 'root'@'localhost' (using password: NO)
[ 2013-05-16T21:58:43+08:00 ] ERR: (ThinkException) Access denied for user 'root'@'localhost' (using password: NO)
[ 2013-05-16T21:58:43+08:00 ] ERR: (ThinkException) 无法加载模块:Favicon
[ 2013-05-16T21:59:08+08:00 ] ERR: (ThinkException) 无法加载模块:Favicon
[ 2013-05-16T21:59:10+08:00 ] 127.0.0.1 /
INFO: [ route_check ] --START--
INFO: Run CheckRoute Behavior [ RunTime:0.000463s ]
INFO: [ route_check ] --END-- [ RunTime:0.000534s ]
INFO: [ app_begin ] --START--
INFO: Run ReadHtmlCache Behavior [ RunTime:0.000287s ]
INFO: [ app_begin ] --END-- [ RunTime:0.000335s ]
INFO: [ view_template ] --START--
INFO: Run LocationTemplate Behavior [ RunTime:0.000158s ]
INFO: [ view_template ] --END-- [ RunTime:0.000211s ]
INFO: [ view_parse ] --START--
INFO: Run ParseTemplate Behavior [ RunTime:0.005252s ]
INFO: [ view_parse ] --END-- [ RunTime:0.005332s ]
INFO: [ view_filter ] --START--
INFO: Run ContentReplace Behavior [ RunTime:0.000199s ]
INFO: Run TokenBuild Behavior [ RunTime:0.000194s ]
INFO: Run WriteHtmlCache Behavior [ RunTime:0.000111s ]
INFO: Run ShowRuntime Behavior [ RunTime:0.000250s ]
INFO: [ view_filter ] --END-- [ RunTime:0.000903s ]
INFO: [ view_end ] --START--
INFO: Run ShowPageTrace Behavior [ RunTime:0.000342s ]
INFO: [ view_end ] --END-- [ RunTime:0.000387s ]

[ 2013-05-16T21:59:10+08:00 ] ERR: (ThinkException) 无法加载模块:Favicon
[ 2013-05-16T21:59:17+08:00 ] ERR: (ThinkException) 无法加载模块:Favicon
[ 2013-05-16T21:59:22+08:00 ] ERR: (ThinkException) 无法加载模块:Favicon
[ 2013-05-16T22:03:22+08:00 ] 127.0.0.1 /
INFO: [ route_check ] --START--
INFO: Run CheckRoute Behavior [ RunTime:0.000474s ]
INFO: [ route_check ] --END-- [ RunTime:0.000548s ]
INFO: [ app_begin ] --START--
INFO: Run ReadHtmlCache Behavior [ RunTime:0.000305s ]
INFO: [ app_begin ] --END-- [ RunTime:0.000354s ]
INFO: [ view_template ] --START--
INFO: Run LocationTemplate Behavior [ RunTime:0.000161s ]
INFO: [ view_template ] --END-- [ RunTime:0.000214s ]
INFO: [ view_parse ] --START--
INFO: Run ParseTemplate Behavior [ RunTime:0.005194s ]
INFO: [ view_parse ] --END-- [ RunTime:0.005270s ]
INFO: [ view_filter ] --START--
INFO: Run ContentReplace Behavior [ RunTime:0.000199s ]
INFO: Run TokenBuild Behavior [ RunTime:0.000195s ]
INFO: Run WriteHtmlCache Behavior [ RunTime:0.000111s ]
INFO: Run ShowRuntime Behavior [ RunTime:0.000250s ]
INFO: [ view_filter ] --END-- [ RunTime:0.000902s ]
INFO: [ view_end ] --START--
INFO: Run ShowPageTrace Behavior [ RunTime:0.000353s ]
INFO: [ view_end ] --END-- [ RunTime:0.000402s ]

[ 2013-05-16T22:03:22+08:00 ] ERR: (ThinkException) 无法加载模块:Favicon
[ 2013-05-16T22:03:23+08:00 ] 127.0.0.1 /
INFO: [ route_check ] --START--
INFO: Run CheckRoute Behavior [ RunTime:0.001221s ]
INFO: [ route_check ] --END-- [ RunTime:0.001396s ]
INFO: [ app_begin ] --START--
INFO: Run ReadHtmlCache Behavior [ RunTime:0.000749s ]
INFO: [ app_begin ] --END-- [ RunTime:0.000878s ]
INFO: [ view_template ] --START--
INFO: Run LocationTemplate Behavior [ RunTime:0.000157s ]
INFO: [ view_template ] --END-- [ RunTime:0.000208s ]
INFO: [ view_parse ] --START--
INFO: Run ParseTemplate Behavior [ RunTime:0.005401s ]
INFO: [ view_parse ] --END-- [ RunTime:0.005468s ]
INFO: [ view_filter ] --START--
INFO: Run ContentReplace Behavior [ RunTime:0.000195s ]
INFO: Run TokenBuild Behavior [ RunTime:0.000192s ]
INFO: Run WriteHtmlCache Behavior [ RunTime:0.000112s ]
INFO: Run ShowRuntime Behavior [ RunTime:0.000249s ]
INFO: [ view_filter ] --END-- [ RunTime:0.000882s ]
INFO: [ view_end ] --START--
INFO: Run ShowPageTrace Behavior [ RunTime:0.000349s ]
INFO: [ view_end ] --END-- [ RunTime:0.000398s ]

[ 2013-05-16T22:03:24+08:00 ] ERR: (ThinkException) 无法加载模块:Favicon
[ 2013-05-16T22:03:33+08:00 ] ERR: (ThinkException) 无法加载模块:Favicon
[ 2013-05-16T22:03:34+08:00 ] ERR: (ThinkException) 无法加载模块:Favicon
[ 2013-05-16T22:04:00+08:00 ] ERR: (ThinkException) 非法操作:del
[ 2013-05-16T22:04:00+08:00 ] ERR: (ThinkException) 无法加载模块:Favicon
[ 2013-05-16T22:57:32+08:00 ] ERR: (ThinkException) 无法加载模块:Favicon
[ 2013-05-16T22:57:44+08:00 ] 127.0.0.1 /
INFO: [ route_check ] --START--
INFO: Run CheckRoute Behavior [ RunTime:0.000776s ]
INFO: [ route_check ] --END-- [ RunTime:0.000904s ]
INFO: [ app_begin ] --START--
INFO: Run ReadHtmlCache Behavior [ RunTime:0.000468s ]
INFO: [ app_begin ] --END-- [ RunTime:0.000552s ]
INFO: [ view_template ] --START--
INFO: Run LocationTemplate Behavior [ RunTime:0.000258s ]
INFO: [ view_template ] --END-- [ RunTime:0.000348s ]
INFO: [ view_parse ] --START--
INFO: Run ParseTemplate Behavior [ RunTime:0.007124s ]
INFO: [ view_parse ] --END-- [ RunTime:0.007238s ]
INFO: [ view_filter ] --START--
INFO: Run ContentReplace Behavior [ RunTime:0.000215s ]
INFO: Run TokenBuild Behavior [ RunTime:0.000196s ]
INFO: Run WriteHtmlCache Behavior [ RunTime:0.000122s ]
INFO: Run ShowRuntime Behavior [ RunTime:0.000268s ]
INFO: [ view_filter ] --END-- [ RunTime:0.000942s ]
INFO: [ view_end ] --START--
INFO: Run ShowPageTrace Behavior [ RunTime:0.000384s ]
INFO: [ view_end ] --END-- [ RunTime:0.000434s ]

[ 2013-05-16T22:57:44+08:00 ] ERR: (ThinkException) 无法加载模块:Favicon
[ 2013-05-16T22:57:45+08:00 ] 127.0.0.1 /
INFO: [ route_check ] --START--
INFO: Run CheckRoute Behavior [ RunTime:0.000483s ]
INFO: [ route_check ] --END-- [ RunTime:0.000559s ]
INFO: [ app_begin ] --START--
INFO: Run ReadHtmlCache Behavior [ RunTime:0.000311s ]
INFO: [ app_begin ] --END-- [ RunTime:0.000374s ]
INFO: [ view_template ] --START--
INFO: Run LocationTemplate Behavior [ RunTime:0.000172s ]
INFO: [ view_template ] --END-- [ RunTime:0.000227s ]
INFO: [ view_parse ] --START--
INFO: Run ParseTemplate Behavior [ RunTime:0.007000s ]
INFO: [ view_parse ] --END-- [ RunTime:0.007076s ]
INFO: [ view_filter ] --START--
INFO: Run ContentReplace Behavior [ RunTime:0.000219s ]
INFO: Run TokenBuild Behavior [ RunTime:0.000196s ]
INFO: Run WriteHtmlCache Behavior [ RunTime:0.000111s ]
INFO: Run ShowRuntime Behavior [ RunTime:0.000251s ]
INFO: [ view_filter ] --END-- [ RunTime:0.000913s ]
INFO: [ view_end ] --START--
INFO: Run ShowPageTrace Behavior [ RunTime:0.000405s ]
INFO: [ view_end ] --END-- [ RunTime:0.000470s ]

[ 2013-05-16T22:57:45+08:00 ] ERR: (ThinkException) 无法加载模块:Favicon
[ 2013-05-16T22:58:16+08:00 ] ERR: (ThinkException) 无法加载模块:Favicon
[ 2013-05-16T22:58:20+08:00 ] 127.0.0.1 /
INFO: [ route_check ] --START--
INFO: Run CheckRoute Behavior [ RunTime:0.000466s ]
INFO: [ route_check ] --END-- [ RunTime:0.000537s ]
INFO: [ app_begin ] --START--
INFO: Run ReadHtmlCache Behavior [ RunTime:0.000286s ]
INFO: [ app_begin ] --END-- [ RunTime:0.000335s ]
INFO: [ view_template ] --START--
INFO: Run LocationTemplate Behavior [ RunTime:0.000153s ]
INFO: [ view_template ] --END-- [ RunTime:0.000204s ]
INFO: [ view_parse ] --START--
INFO: Run ParseTemplate Behavior [ RunTime:0.005344s ]
INFO: [ view_parse ] --END-- [ RunTime:0.005428s ]
INFO: [ view_filter ] --START--
INFO: Run ContentReplace Behavior [ RunTime:0.000209s ]
INFO: Run TokenBuild Behavior [ RunTime:0.000203s ]
INFO: Run WriteHtmlCache Behavior [ RunTime:0.000110s ]
INFO: Run ShowRuntime Behavior [ RunTime:0.000260s ]
INFO: [ view_filter ] --END-- [ RunTime:0.000924s ]
INFO: [ view_end ] --START--
INFO: Run ShowPageTrace Behavior [ RunTime:0.000368s ]
INFO: [ view_end ] --END-- [ RunTime:0.000416s ]

[ 2013-05-16T22:58:21+08:00 ] ERR: (ThinkException) 无法加载模块:Favicon
[ 2013-05-16T22:58:42+08:00 ] ERR: (ThinkException) 无法加载模块:Favicon
[ 2013-05-16T22:58:44+08:00 ] 127.0.0.1 /
INFO: [ route_check ] --START--
INFO: Run CheckRoute Behavior [ RunTime:0.001055s ]
INFO: [ route_check ] --END-- [ RunTime:0.001187s ]
INFO: [ app_begin ] --START--
INFO: Run ReadHtmlCache Behavior [ RunTime:0.000528s ]
INFO: [ app_begin ] --END-- [ RunTime:0.000630s ]
INFO: [ view_template ] --START--
INFO: Run LocationTemplate Behavior [ RunTime:0.000415s ]
INFO: [ view_template ] --END-- [ RunTime:0.000548s ]
INFO: [ view_parse ] --START--
INFO: Run ParseTemplate Behavior [ RunTime:0.006448s ]
INFO: [ view_parse ] --END-- [ RunTime:0.006550s ]
INFO: [ view_filter ] --START--
INFO: Run ContentReplace Behavior [ RunTime:0.000197s ]
INFO: Run TokenBuild Behavior [ RunTime:0.000192s ]
INFO: Run WriteHtmlCache Behavior [ RunTime:0.000111s ]
INFO: Run ShowRuntime Behavior [ RunTime:0.000249s ]
INFO: [ view_filter ] --END-- [ RunTime:0.000898s ]
INFO: [ view_end ] --START--
INFO: Run ShowPageTrace Behavior [ RunTime:0.000349s ]
INFO: [ view_end ] --END-- [ RunTime:0.000399s ]

[ 2013-05-16T22:58:45+08:00 ] ERR: (ThinkException) 无法加载模块:Favicon
[ 2013-05-16T23:00:49+08:00 ] ERR: (ThinkException) 无法加载模块:Favicon
[ 2013-05-16T23:00:51+08:00 ] ERR: (ThinkException) 无法加载模块:Favicon
[ 2013-05-16T23:02:23+08:00 ] ERR: (ThinkException) 无法加载模块:Favicon
[ 2013-05-16T23:02:24+08:00 ] ERR: (ThinkException) 无法加载模块:Favicon
[ 2013-05-16T23:02:25+08:00 ] ERR: (ThinkException) 无法加载模块:Favicon
[ 2013-05-16T23:20:01+08:00 ] ERR: (ThinkException) 无法加载模块:Favicon
[ 2013-05-16T23:20:12+08:00 ] 127.0.0.1 /
INFO: [ route_check ] --START--
INFO: Run CheckRoute Behavior [ RunTime:0.001035s ]
INFO: [ route_check ] --END-- [ RunTime:0.001264s ]
INFO: [ app_begin ] --START--
INFO: Run ReadHtmlCache Behavior [ RunTime:0.000775s ]
INFO: [ app_begin ] --END-- [ RunTime:0.000905s ]
INFO: [ view_template ] --START--
INFO: Run LocationTemplate Behavior [ RunTime:0.000163s ]
INFO: [ view_template ] --END-- [ RunTime:0.000214s ]
INFO: [ view_parse ] --START--
INFO: Run ParseTemplate Behavior [ RunTime:0.005199s ]
INFO: [ view_parse ] --END-- [ RunTime:0.005276s ]
INFO: [ view_filter ] --START--
INFO: Run ContentReplace Behavior [ RunTime:0.000201s ]
INFO: Run TokenBuild Behavior [ RunTime:0.000197s ]
INFO: Run WriteHtmlCache Behavior [ RunTime:0.000114s ]
INFO: Run ShowRuntime Behavior [ RunTime:0.000256s ]
INFO: [ view_filter ] --END-- [ RunTime:0.000921s ]
INFO: [ view_end ] --START--
INFO: Run ShowPageTrace Behavior [ RunTime:0.000395s ]
INFO: [ view_end ] --END-- [ RunTime:0.000448s ]

[ 2013-05-16T23:20:12+08:00 ] ERR: (ThinkException) 无法加载模块:Favicon
[ 2013-05-16T23:24:59+08:00 ] 127.0.0.1 /
INFO: [ route_check ] --START--
INFO: Run CheckRoute Behavior [ RunTime:0.000776s ]
INFO: [ route_check ] --END-- [ RunTime:0.000893s ]
INFO: [ app_begin ] --START--
INFO: Run ReadHtmlCache Behavior [ RunTime:0.000291s ]
INFO: [ app_begin ] --END-- [ RunTime:0.000341s ]
INFO: [ view_template ] --START--
INFO: Run LocationTemplate Behavior [ RunTime:0.000155s ]
INFO: [ view_template ] --END-- [ RunTime:0.000206s ]
INFO: [ view_parse ] --START--
INFO: Run ParseTemplate Behavior [ RunTime:0.005431s ]
INFO: [ view_parse ] --END-- [ RunTime:0.005513s ]
INFO: [ view_filter ] --START--
INFO: Run ContentReplace Behavior [ RunTime:0.000216s ]
INFO: Run TokenBuild Behavior [ RunTime:0.000196s ]
INFO: Run WriteHtmlCache Behavior [ RunTime:0.000114s ]
INFO: Run ShowRuntime Behavior [ RunTime:0.000286s ]
INFO: [ view_filter ] --END-- [ RunTime:0.000952s ]
INFO: [ view_end ] --START--
INFO: Run ShowPageTrace Behavior [ RunTime:0.000357s ]
INFO: [ view_end ] --END-- [ RunTime:0.000405s ]

[ 2013-05-16T23:25:00+08:00 ] ERR: (ThinkException) 无法加载模块:Favicon
[ 2013-05-16T23:25:05+08:00 ] 127.0.0.1 /
INFO: [ route_check ] --START--
INFO: Run CheckRoute Behavior [ RunTime:0.000472s ]
INFO: [ route_check ] --END-- [ RunTime:0.000543s ]
INFO: [ app_begin ] --START--
INFO: Run ReadHtmlCache Behavior [ RunTime:0.000288s ]
INFO: [ app_begin ] --END-- [ RunTime:0.000337s ]
INFO: [ view_template ] --START--
INFO: Run LocationTemplate Behavior [ RunTime:0.000157s ]
INFO: [ view_template ] --END-- [ RunTime:0.000206s ]
INFO: [ view_parse ] --START--
INFO: Run ParseTemplate Behavior [ RunTime:0.005150s ]
INFO: [ view_parse ] --END-- [ RunTime:0.005225s ]
INFO: [ view_filter ] --START--
INFO: Run ContentReplace Behavior [ RunTime:0.000282s ]
INFO: Run TokenBuild Behavior [ RunTime:0.000234s ]
INFO: Run WriteHtmlCache Behavior [ RunTime:0.000118s ]
INFO: Run ShowRuntime Behavior [ RunTime:0.000252s ]
INFO: [ view_filter ] --END-- [ RunTime:0.001054s ]
INFO: [ view_end ] --START--
INFO: Run ShowPageTrace Behavior [ RunTime:0.000364s ]
INFO: [ view_end ] --END-- [ RunTime:0.000414s ]

[ 2013-05-16T23:25:06+08:00 ] 127.0.0.1 /
INFO: [ route_check ] --START--
INFO: Run CheckRoute Behavior [ RunTime:0.000534s ]
INFO: [ route_check ] --END-- [ RunTime:0.000646s ]
INFO: [ app_begin ] --START--
INFO: Run ReadHtmlCache Behavior [ RunTime:0.000549s ]
INFO: [ app_begin ] --END-- [ RunTime:0.000646s ]
INFO: [ view_template ] --START--
INFO: Run LocationTemplate Behavior [ RunTime:0.000267s ]
INFO: [ view_template ] --END-- [ RunTime:0.000363s ]
INFO: [ view_parse ] --START--
INFO: Run ParseTemplate Behavior [ RunTime:0.007783s ]
INFO: [ view_parse ] --END-- [ RunTime:0.007891s ]
INFO: [ view_filter ] --START--
INFO: Run ContentReplace Behavior [ RunTime:0.000302s ]
INFO: Run TokenBuild Behavior [ RunTime:0.000300s ]
INFO: Run WriteHtmlCache Behavior [ RunTime:0.000173s ]
INFO: Run ShowRuntime Behavior [ RunTime:0.000401s ]
INFO: [ view_filter ] --END-- [ RunTime:0.001406s ]
INFO: [ view_end ] --START--
INFO: Run ShowPageTrace Behavior [ RunTime:0.000548s ]
INFO: [ view_end ] --END-- [ RunTime:0.000629s ]

[ 2013-05-16T23:25:06+08:00 ] ERR: (ThinkException) 无法加载模块:Favicon
[ 2013-05-16T23:25:06+08:00 ] ERR: (ThinkException) 无法加载模块:Favicon
[ 2013-05-16T23:25:07+08:00 ] 127.0.0.1 /
INFO: [ route_check ] --START--
INFO: Run CheckRoute Behavior [ RunTime:0.001229s ]
INFO: [ route_check ] --END-- [ RunTime:0.001347s ]
INFO: [ app_begin ] --START--
INFO: Run ReadHtmlCache Behavior [ RunTime:0.000290s ]
INFO: [ app_begin ] --END-- [ RunTime:0.000339s ]
INFO: [ view_template ] --START--
INFO: Run LocationTemplate Behavior [ RunTime:0.000154s ]
INFO: [ view_template ] --END-- [ RunTime:0.000204s ]
INFO: [ view_parse ] --START--
INFO: Run ParseTemplate Behavior [ RunTime:0.005139s ]
INFO: [ view_parse ] --END-- [ RunTime:0.005200s ]
INFO: [ view_filter ] --START--
INFO: Run ContentReplace Behavior [ RunTime:0.000190s ]
INFO: Run TokenBuild Behavior [ RunTime:0.000189s ]
INFO: Run WriteHtmlCache Behavior [ RunTime:0.000109s ]
INFO: Run ShowRuntime Behavior [ RunTime:0.000247s ]
INFO: [ view_filter ] --END-- [ RunTime:0.000870s ]
INFO: [ view_end ] --START--
INFO: Run ShowPageTrace Behavior [ RunTime:0.000341s ]
INFO: [ view_end ] --END-- [ RunTime:0.000388s ]

[ 2013-05-16T23:25:07+08:00 ] ERR: (ThinkException) 无法加载模块:Favicon
[ 2013-05-16T23:25:17+08:00 ] 127.0.0.1 /
INFO: [ route_check ] --START--
INFO: Run CheckRoute Behavior [ RunTime:0.000465s ]
INFO: [ route_check ] --END-- [ RunTime:0.000535s ]
INFO: [ app_begin ] --START--
INFO: Run ReadHtmlCache Behavior [ RunTime:0.000287s ]
INFO: [ app_begin ] --END-- [ RunTime:0.000336s ]
INFO: [ view_template ] --START--
INFO: Run LocationTemplate Behavior [ RunTime:0.000152s ]
INFO: [ view_template ] --END-- [ RunTime:0.000202s ]
INFO: [ view_parse ] --START--
INFO: Run ParseTemplate Behavior [ RunTime:0.005175s ]
INFO: [ view_parse ] --END-- [ RunTime:0.005242s ]
INFO: [ view_filter ] --START--
INFO: Run ContentReplace Behavior [ RunTime:0.000207s ]
INFO: Run TokenBuild Behavior [ RunTime:0.000193s ]
INFO: Run WriteHtmlCache Behavior [ RunTime:0.000109s ]
INFO: Run ShowRuntime Behavior [ RunTime:0.000246s ]
INFO: [ view_filter ] --END-- [ RunTime:0.000891s ]
INFO: [ view_end ] --START--
INFO: Run ShowPageTrace Behavior [ RunTime:0.000348s ]
INFO: [ view_end ] --END-- [ RunTime:0.000396s ]

[ 2013-05-16T23:25:17+08:00 ] ERR: (ThinkException) 无法加载模块:Favicon
[ 2013-05-16T23:49:38+08:00 ] 127.0.0.1 /
INFO: [ route_check ] --START--
INFO: Run CheckRoute Behavior [ RunTime:0.000471s ]
INFO: [ route_check ] --END-- [ RunTime:0.000542s ]
INFO: [ app_begin ] --START--
INFO: Run ReadHtmlCache Behavior [ RunTime:0.000291s ]
INFO: [ app_begin ] --END-- [ RunTime:0.000341s ]
INFO: [ view_template ] --START--
INFO: Run LocationTemplate Behavior [ RunTime:0.000154s ]
INFO: [ view_template ] --END-- [ RunTime:0.000205s ]
INFO: [ view_parse ] --START--
INFO: Run ParseTemplate Behavior [ RunTime:0.005444s ]
INFO: [ view_parse ] --END-- [ RunTime:0.005517s ]
INFO: [ view_filter ] --START--
INFO: Run ContentReplace Behavior [ RunTime:0.000210s ]
INFO: Run TokenBuild Behavior [ RunTime:0.000194s ]
INFO: Run WriteHtmlCache Behavior [ RunTime:0.000113s ]
INFO: Run ShowRuntime Behavior [ RunTime:0.000253s ]
INFO: [ view_filter ] --END-- [ RunTime:0.000906s ]
INFO: [ view_end ] --START--
INFO: Run ShowPageTrace Behavior [ RunTime:0.000363s ]
INFO: [ view_end ] --END-- [ RunTime:0.000413s ]

[ 2013-05-16T23:49:39+08:00 ] ERR: (ThinkException) 无法加载模块:Favicon
[ 2013-05-16T23:49:40+08:00 ] 127.0.0.1 /
INFO: [ route_check ] --START--
INFO: Run CheckRoute Behavior [ RunTime:0.000472s ]
INFO: [ route_check ] --END-- [ RunTime:0.000546s ]
INFO: [ app_begin ] --START--
INFO: Run ReadHtmlCache Behavior [ RunTime:0.000290s ]
INFO: [ app_begin ] --END-- [ RunTime:0.000339s ]
INFO: [ view_template ] --START--
INFO: Run LocationTemplate Behavior [ RunTime:0.000157s ]
INFO: [ view_template ] --END-- [ RunTime:0.000207s ]
INFO: [ view_parse ] --START--
INFO: Run ParseTemplate Behavior [ RunTime:0.005118s ]
INFO: [ view_parse ] --END-- [ RunTime:0.005189s ]
INFO: [ view_filter ] --START--
INFO: Run ContentReplace Behavior [ RunTime:0.000199s ]
INFO: Run TokenBuild Behavior [ RunTime:0.000191s ]
INFO: Run WriteHtmlCache Behavior [ RunTime:0.000110s ]
INFO: Run ShowRuntime Behavior [ RunTime:0.000246s ]
INFO: [ view_filter ] --END-- [ RunTime:0.000891s ]
INFO: [ view_end ] --START--
INFO: Run ShowPageTrace Behavior [ RunTime:0.000340s ]
INFO: [ view_end ] --END-- [ RunTime:0.000386s ]

[ 2013-05-16T23:49:41+08:00 ] ERR: (ThinkException) 无法加载模块:Favicon
[ 2013-05-16T23:50:07+08:00 ] 127.0.0.1 /
INFO: [ route_check ] --START--
INFO: Run CheckRoute Behavior [ RunTime:0.001215s ]
INFO: [ route_check ] --END-- [ RunTime:0.001402s ]
INFO: [ app_begin ] --START--
INFO: Run ReadHtmlCache Behavior [ RunTime:0.000751s ]
INFO: [ app_begin ] --END-- [ RunTime:0.000879s ]
INFO: [ view_template ] --START--
INFO: Run LocationTemplate Behavior [ RunTime:0.000398s ]
INFO: [ view_template ] --END-- [ RunTime:0.000529s ]
INFO: [ view_parse ] --START--
INFO: Run ParseTemplate Behavior [ RunTime:0.005330s ]
INFO: [ view_parse ] --END-- [ RunTime:0.005454s ]
INFO: [ view_filter ] --START--
INFO: Run ContentReplace Behavior [ RunTime:0.000219s ]
INFO: Run TokenBuild Behavior [ RunTime:0.000203s ]
INFO: Run WriteHtmlCache Behavior [ RunTime:0.000117s ]
INFO: Run ShowRuntime Behavior [ RunTime:0.000266s ]
INFO: [ view_filter ] --END-- [ RunTime:0.000952s ]
INFO: [ view_end ] --START--
INFO: Run ShowPageTrace Behavior [ RunTime:0.000382s ]
INFO: [ view_end ] --END-- [ RunTime:0.000430s ]

[ 2013-05-16T23:50:07+08:00 ] ERR: (ThinkException) 无法加载模块:Favicon
[ 2013-05-16T23:50:08+08:00 ] 127.0.0.1 /
INFO: [ route_check ] --START--
INFO: Run CheckRoute Behavior [ RunTime:0.000482s ]
INFO: [ route_check ] --END-- [ RunTime:0.000553s ]
INFO: [ app_begin ] --START--
INFO: Run ReadHtmlCache Behavior [ RunTime:0.000287s ]
INFO: [ app_begin ] --END-- [ RunTime:0.000336s ]
INFO: [ view_template ] --START--
INFO: Run LocationTemplate Behavior [ RunTime:0.000156s ]
INFO: [ view_template ] --END-- [ RunTime:0.000206s ]
INFO: [ view_parse ] --START--
INFO: Run ParseTemplate Behavior [ RunTime:0.005129s ]
INFO: [ view_parse ] --END-- [ RunTime:0.005188s ]
INFO: [ view_filter ] --START--
INFO: Run ContentReplace Behavior [ RunTime:0.000189s ]
INFO: Run TokenBuild Behavior [ RunTime:0.000191s ]
INFO: Run WriteHtmlCache Behavior [ RunTime:0.000110s ]
INFO: Run ShowRuntime Behavior [ RunTime:0.000245s ]
INFO: [ view_filter ] --END-- [ RunTime:0.000871s ]
INFO: [ view_end ] --START--
INFO: Run ShowPageTrace Behavior [ RunTime:0.000349s ]
INFO: [ view_end ] --END-- [ RunTime:0.000399s ]

[ 2013-05-16T23:50:09+08:00 ] ERR: (ThinkException) 无法加载模块:Favicon
