[ 2013-05-12T18:43:40+08:00 ] 127.0.0.1 /
INFO: [ route_check ] --START--
INFO: Run CheckRoute Behavior [ RunTime:0.018121s ]
INFO: [ route_check ] --END-- [ RunTime:0.018541s ]
INFO: [ app_begin ] --START--
INFO: Run ReadHtmlCache Behavior [ RunTime:0.057945s ]
INFO: [ app_begin ] --END-- [ RunTime:0.058119s ]
INFO: [ view_template ] --START--
INFO: Run LocationTemplate Behavior [ RunTime:0.057686s ]
INFO: [ view_template ] --END-- [ RunTime:0.057816s ]
INFO: [ view_parse ] --START--
INFO: Run ParseTemplate Behavior [ RunTime:0.754660s ]
INFO: [ view_parse ] --END-- [ RunTime:0.754871s ]
INFO: [ view_filter ] --START--
INFO: Run ContentReplace Behavior [ RunTime:0.018444s ]
INFO: Run TokenBuild Behavior [ RunTime:0.015594s ]
INFO: Run WriteHtmlCache Behavior [ RunTime:0.001599s ]
INFO: Run ShowRuntime Behavior [ RunTime:0.015417s ]
INFO: [ view_filter ] --END-- [ RunTime:0.051341s ]
INFO: [ view_end ] --START--
INFO: Run ShowPageTrace Behavior [ RunTime:0.001539s ]
INFO: [ view_end ] --END-- [ RunTime:0.001626s ]

[ 2013-05-12T18:43:42+08:00 ] ERR: (ThinkException) 无法加载模块:favicon
[ 2013-05-12T18:43:45+08:00 ] ERR: (ThinkException) 无法加载模块:favicon
[ 2013-05-12T18:48:59+08:00 ] ERR: (ThinkException) 无法加载模块:dir
[ 2013-05-12T18:49:00+08:00 ] ERR: (ThinkException) 无法加载模块:favicon
[ 2013-05-12T18:49:04+08:00 ] ERR: (ThinkException) 无法加载模块:favicon
[ 2013-05-12T18:52:48+08:00 ] ERR: (ThinkException) 无法加载模块:favicon
[ 2013-05-12T18:52:50+08:00 ] ERR: (ThinkException) 无法加载模块:favicon
[ 2013-05-12T18:52:51+08:00 ] ERR: (ThinkException) 无法加载模块:favicon
[ 2013-05-12T18:53:01+08:00 ] ERR: (ThinkException) 无法加载模块:favicon
[ 2013-05-12T18:53:01+08:00 ] ERR: (ThinkException) 无法加载模块:favicon
[ 2013-05-12T18:54:39+08:00 ] ERR: (ThinkException) 无法加载模块:favicon
[ 2013-05-12T18:54:44+08:00 ] ERR: (ThinkException) 无法加载模块:favicon
[ 2013-05-12T18:56:48+08:00 ] ERR: (ThinkException) 无法加载模块:favicon
[ 2013-05-12T18:57:06+08:00 ] ERR: (ThinkException) 无法加载模块:favicon
[ 2013-05-12T18:57:07+08:00 ] ERR: (ThinkException) 无法加载模块:favicon
[ 2013-05-12T18:57:07+08:00 ] ERR: (ThinkException) 无法加载模块:favicon
[ 2013-05-12T18:57:07+08:00 ] ERR: (ThinkException) 无法加载模块:favicon
[ 2013-05-12T18:57:28+08:00 ] ERR: (ThinkException) 无法加载模块:favicon
[ 2013-05-12T18:58:02+08:00 ] ERR: (ThinkException) 无法加载模块:favicon
[ 2013-05-12T18:58:23+08:00 ] ERR: (ThinkException) 无法加载模块:favicon
[ 2013-05-12T18:58:30+08:00 ] ERR: (ThinkException) 无法加载模块:favicon
[ 2013-05-12T18:58:46+08:00 ] ERR: (ThinkException) 无法加载模块:favicon
[ 2013-05-12T18:58:59+08:00 ] ERR: (ThinkException) 无法加载模块:favicon
[ 2013-05-12T18:59:12+08:00 ] ERR: (ThinkException) 无法加载模块:favicon
[ 2013-05-12T18:59:13+08:00 ] ERR: (ThinkException) 无法加载模块:favicon
[ 2013-05-12T18:59:13+08:00 ] ERR: (ThinkException) 无法加载模块:favicon
[ 2013-05-12T18:59:29+08:00 ] ERR: (ThinkException) 无法加载模块:favicon
[ 2013-05-12T18:59:31+08:00 ] ERR: (ThinkException) 无法加载模块:favicon
[ 2013-05-12T19:01:04+08:00 ] ERR: (ThinkException) 无法加载模块:favicon
[ 2013-05-12T19:01:05+08:00 ] ERR: (ThinkException) 无法加载模块:favicon
[ 2013-05-12T19:02:30+08:00 ] ERR: (ThinkException) 无法加载模块:favicon
[ 2013-05-12T19:02:37+08:00 ] ERR: (ThinkException) 无法加载模块:favicon
[ 2013-05-12T19:02:46+08:00 ] ERR: (ThinkException) 无法加载模块:favicon
[ 2013-05-12T19:02:50+08:00 ] ERR: (ThinkException) 无法加载模块:favicon
[ 2013-05-12T19:02:51+08:00 ] ERR: (ThinkException) 无法加载模块:favicon
[ 2013-05-12T19:02:55+08:00 ] ERR: (ThinkException) 无法加载模块:favicon
[ 2013-05-12T19:02:58+08:00 ] ERR: (ThinkException) 无法加载模块:favicon
[ 2013-05-12T19:02:59+08:00 ] ERR: (ThinkException) 无法加载模块:favicon
[ 2013-05-12T19:03:19+08:00 ] ERR: (ThinkException) 无法加载模块:favicon
[ 2013-05-12T19:03:38+08:00 ] ERR: (ThinkException) 无法加载模块:favicon
[ 2013-05-12T19:03:53+08:00 ] ERR: (ThinkException) 无法加载模块:favicon
[ 2013-05-12T19:03:54+08:00 ] ERR: (ThinkException) 无法加载模块:favicon
[ 2013-05-12T19:04:04+08:00 ] ERR: (ThinkException) 无法加载模块:favicon
[ 2013-05-12T19:05:10+08:00 ] ERR: (ThinkException) 无法加载模块:favicon
[ 2013-05-12T19:05:33+08:00 ] ERR: (ThinkException) 无法加载模块:favicon
[ 2013-05-12T19:06:15+08:00 ] ERR: (ThinkException) 无法加载模块:favicon
[ 2013-05-12T19:06:43+08:00 ] ERR: (ThinkException) 无法加载模块:favicon
[ 2013-05-12T19:07:18+08:00 ] ERR: (ThinkException) 无法加载模块:favicon
[ 2013-05-12T19:07:34+08:00 ] ERR: (ThinkException) 无法加载模块:favicon
[ 2013-05-12T19:07:48+08:00 ] ERR: (ThinkException) 无法加载模块:favicon
[ 2013-05-12T19:15:32+08:00 ] ERR: (ThinkException) 无法加载模块:favicon
[ 2013-05-12T19:19:34+08:00 ] ERR: (ThinkException) 无法加载模块:favicon
[ 2013-05-12T19:19:35+08:00 ] ERR: (ThinkException) 无法加载模块:favicon
[ 2013-05-12T19:19:36+08:00 ] ERR: (ThinkException) 无法加载模块:favicon
[ 2013-05-12T19:19:36+08:00 ] ERR: (ThinkException) 无法加载模块:favicon
[ 2013-05-12T19:25:23+08:00 ] ERR: (ThinkException) 无法加载模块:favicon
[ 2013-05-12T19:26:21+08:00 ] ERR: (ThinkException) 无法加载模块:favicon
[ 2013-05-12T19:41:43+08:00 ] ERR: (ThinkException) 无法加载模块:favicon
[ 2013-05-12T19:41:48+08:00 ] ERR: (ThinkException) 无法加载模块:favicon
[ 2013-05-12T19:41:52+08:00 ] ERR: (ThinkException) 无法加载模块:favicon
[ 2013-05-12T19:42:31+08:00 ] ERR: (ThinkException) 无法加载模块:favicon
[ 2013-05-12T19:44:23+08:00 ] ERR: (ThinkException) 无法加载模块:favicon
[ 2013-05-12T19:45:55+08:00 ] ERR: (ThinkException) 无法加载模块:favicon
[ 2013-05-12T19:45:56+08:00 ] ERR: (ThinkException) 无法加载模块:favicon
[ 2013-05-12T19:46:50+08:00 ] ERR: (ThinkException) 无法加载模块:favicon
[ 2013-05-12T19:52:48+08:00 ] ERR: (ThinkException) 无法加载模块:favicon
[ 2013-05-12T19:52:55+08:00 ] ERR: (ThinkException) 无法加载模块:favicon
[ 2013-05-12T19:54:31+08:00 ] ERR: (ThinkException) 无法加载模块:favicon
